TN:
SF:src/index.ts
FNF:0
FNH:0
DA:1,1
DA:2,1
DA:3,1
DA:4,1
DA:5,1
DA:6,1
DA:7,1
DA:8,1
DA:9,1
DA:10,1
DA:11,1
DA:12,1
DA:13,1
DA:14,1
DA:15,1
DA:16,1
DA:17,1
DA:18,1
DA:19,1
DA:20,1
DA:21,1
DA:22,1
DA:23,1
DA:24,1
DA:25,1
DA:26,1
DA:27,1
DA:28,1
DA:29,1
DA:30,1
DA:31,1
DA:32,1
DA:33,1
DA:34,1
DA:35,1
DA:36,1
DA:37,1
DA:38,1
DA:39,1
DA:40,1
DA:41,1
DA:42,1
DA:43,1
DA:44,1
DA:45,1
DA:46,1
DA:47,1
DA:48,1
DA:49,1
DA:50,1
DA:51,1
DA:52,1
DA:53,1
DA:54,1
DA:55,1
DA:56,1
DA:57,1
DA:58,1
DA:59,1
DA:60,1
LF:60
LH:60
BRF:0
BRH:0
end_of_record
TN:
SF:src/components/Link.tsx
FN:35,Link
FN:93,handleClick
FN:114,isSegmentAncestor
FNF:3
FNH:3
FNDA:21,Link
FNDA:6,handleClick
FNDA:14,isSegmentAncestor
DA:1,1
DA:2,1
DA:3,1
DA:4,1
DA:5,1
DA:6,1
DA:7,1
DA:8,1
DA:9,1
DA:10,1
DA:11,1
DA:12,1
DA:13,1
DA:14,1
DA:15,1
DA:16,1
DA:17,1
DA:18,1
DA:19,1
DA:20,1
DA:21,1
DA:22,1
DA:23,1
DA:24,1
DA:25,1
DA:26,1
DA:27,1
DA:28,1
DA:29,1
DA:30,1
DA:31,1
DA:32,1
DA:33,1
DA:34,1
DA:35,1
DA:36,21
DA:37,21
DA:38,1
DA:39,1
DA:40,1
DA:41,1
DA:42,1
DA:43,1
DA:44,1
DA:45,20
DA:46,20
DA:47,20
DA:48,20
DA:49,20
DA:50,20
DA:51,20
DA:52,20
DA:53,20
DA:54,20
DA:55,20
DA:56,20
DA:57,20
DA:58,20
DA:59,20
DA:60,20
DA:61,20
DA:62,20
DA:63,20
DA:64,20
DA:65,20
DA:66,20
DA:67,20
DA:68,20
DA:69,20
DA:70,20
DA:71,20
DA:72,20
DA:73,21
DA:74,21
DA:75,21
DA:76,21
DA:77,21
DA:78,21
DA:79,21
DA:80,21
DA:81,21
DA:82,21
DA:83,21
DA:84,21
DA:85,21
DA:86,21
DA:87,21
DA:88,21
DA:89,21
DA:90,21
DA:91,21
DA:92,21
DA:93,21
DA:94,6
DA:95,6
DA:96,3
DA:97,6
DA:98,6
DA:99,21
DA:100,21
DA:101,21
DA:102,21
DA:103,21
DA:104,21
DA:105,21
DA:106,21
DA:107,21
DA:108,21
DA:109,21
DA:110,21
DA:111,1
DA:112,1
DA:113,1
DA:114,14
DA:115,14
DA:116,14
DA:117,1
DA:118,1
DA:119,1
LF:119
LH:119
BRDA:35,0,0,21
BRDA:37,1,0,1
BRDA:37,2,0,1
BRDA:44,3,0,20
BRDA:73,4,0,14
BRDA:74,5,0,14
BRDA:80,6,0,8
BRDA:80,7,0,12
BRDA:81,8,0,6
BRDA:81,9,0,14
BRDA:84,10,0,17
BRDA:89,11,0,8
BRDA:89,12,0,12
BRDA:90,13,0,6
BRDA:90,14,0,14
BRDA:104,15,0,2
BRDA:104,16,0,18
BRDA:63,17,0,20
BRDA:64,18,0,63
BRDA:93,19,0,6
BRDA:95,20,0,5
BRDA:95,21,0,4
BRDA:95,22,0,3
BRDA:95,23,0,3
BRDA:97,24,0,0
BRDA:97,25,0,3
BRDA:114,26,0,14
BRDA:115,27,0,1
BRDA:115,28,0,13
BRDA:116,29,0,12
BRDA:116,30,0,1
BRF:31
BRH:30
end_of_record
TN:
SF:src/components/RouterView.tsx
FN:20,RouterView
FN:127,onNotFound
FN:147,renderFallback
FNF:3
FNH:3
FNDA:54,RouterView
FNDA:2,onNotFound
FNDA:5,renderFallback
DA:1,1
DA:2,1
DA:3,1
DA:4,1
DA:5,1
DA:6,1
DA:7,1
DA:8,1
DA:9,1
DA:10,1
DA:11,1
DA:12,1
DA:13,1
DA:14,1
DA:15,1
DA:16,1
DA:17,1
DA:18,1
DA:19,1
DA:20,1
DA:21,54
DA:22,54
DA:23,54
DA:24,54
DA:25,54
DA:26,54
DA:27,54
DA:28,54
DA:29,54
DA:30,54
DA:31,54
DA:32,54
DA:33,54
DA:34,54
DA:35,54
DA:36,54
DA:37,54
DA:38,54
DA:39,54
DA:40,54
DA:41,54
DA:42,38
DA:43,54
DA:44,54
DA:45,54
DA:46,54
DA:47,38
DA:48,38
DA:49,6
DA:50,24
DA:51,4
DA:52,38
DA:53,1
DA:54,1
DA:55,1
DA:56,1
DA:57,1
DA:58,1
DA:59,6
DA:60,6
DA:61,6
DA:62,54
DA:63,54
DA:64,54
DA:65,54
DA:66,38
DA:67,38
DA:68,38
DA:69,1
DA:70,38
DA:71,37
DA:72,37
DA:73,54
DA:74,54
DA:75,54
DA:76,54
DA:77,54
DA:78,54
DA:79,54
DA:80,5
DA:81,5
DA:82,5
DA:83,5
DA:84,5
DA:85,5
DA:86,47
DA:87,47
DA:88,47
DA:89,47
DA:90,47
DA:91,47
DA:92,47
DA:93,47
DA:94,47
DA:95,47
DA:96,47
DA:97,47
DA:98,53
DA:99,63
DA:100,63
DA:101,63
DA:102,63
DA:103,63
DA:104,63
DA:105,63
DA:106,63
DA:107,63
DA:108,63
DA:109,63
DA:110,63
DA:111,63
DA:112,63
DA:113,63
DA:114,63
DA:115,4
DA:116,4
DA:117,4
DA:118,63
DA:119,63
DA:120,63
DA:121,63
DA:122,63
DA:123,63
DA:124,63
DA:125,63
DA:126,63
DA:127,63
DA:128,63
DA:129,63
DA:130,63
DA:131,63
DA:132,63
DA:133,63
DA:134,63
DA:135,63
DA:136,63
DA:137,63
DA:138,63
DA:139,63
DA:140,63
DA:141,63
DA:142,63
DA:143,63
DA:144,1
DA:145,1
DA:146,1
DA:147,5
DA:148,5
DA:149,5
DA:150,5
DA:151,5
DA:152,4
DA:153,3
DA:154,3
DA:155,3
DA:156,1
DA:157,1
LF:157
LH:157
BRDA:20,0,0,54
BRDA:79,1,0,49
BRDA:79,2,0,5
BRDA:82,3,0,3
BRDA:85,4,0,53
BRDA:85,5,0,47
BRDA:98,6,0,63
BRDA:106,7,0,47
BRDA:106,8,0,46
BRDA:114,9,0,4
BRDA:114,10,0,4
BRDA:128,11,0,3
BRDA:128,12,0,60
BRDA:129,13,0,0
BRDA:130,14,0,0
BRDA:131,15,0,0
BRDA:136,16,0,63
BRDA:33,17,0,41
BRDA:34,18,0,151
BRDA:41,19,0,38
BRDA:46,20,0,38
BRDA:48,21,0,32
BRDA:48,22,0,24
BRDA:48,23,0,6
BRDA:50,24,0,4
BRDA:52,25,0,2
BRDA:52,26,0,1
BRDA:58,27,0,6
BRDA:65,28,0,38
BRDA:66,29,0,0
BRDA:68,30,0,1
BRDA:70,31,0,37
BRDA:127,32,0,2
BRDA:147,33,0,5
BRDA:151,34,0,4
BRDA:151,35,0,1
BRDA:151,36,0,4
BRDA:152,37,0,3
BRDA:155,38,0,1
BRF:39
BRH:35
end_of_record
TN:
SF:src/components/containers/StackContainer.tsx
FN:15,StackContainer
FN:38,onFocus
FN:39,onClose
FN:57,WorkspaceSlot
FNF:4
FNH:4
FNDA:28,StackContainer
FNDA:1,onFocus
FNDA:1,onClose
FNDA:19,WorkspaceSlot
DA:1,1
DA:2,1
DA:3,1
DA:4,1
DA:5,1
DA:6,1
DA:7,1
DA:8,1
DA:9,1
DA:10,1
DA:11,1
DA:12,1
DA:13,1
DA:14,1
DA:15,1
DA:16,28
DA:17,28
DA:18,28
DA:19,28
DA:20,28
DA:21,28
DA:22,28
DA:23,19
DA:24,19
DA:25,19
DA:26,19
DA:27,19
DA:28,19
DA:29,19
DA:30,19
DA:31,19
DA:32,19
DA:33,19
DA:34,19
DA:35,19
DA:36,19
DA:37,19
DA:38,19
DA:39,19
DA:40,19
DA:41,19
DA:42,28
DA:43,28
DA:44,28
DA:45,28
DA:46,1
DA:47,1
DA:48,1
DA:49,1
DA:50,1
DA:51,1
DA:52,1
DA:53,1
DA:54,1
DA:55,1
DA:56,1
DA:57,19
DA:58,19
DA:59,19
DA:60,19
DA:61,19
DA:62,19
DA:63,19
DA:64,19
DA:65,19
DA:66,19
DA:67,19
DA:68,19
DA:69,19
DA:70,19
DA:71,19
LF:71
LH:71
BRDA:15,0,0,28
BRDA:22,1,0,19
BRDA:24,2,0,0
BRDA:28,3,0,0
BRDA:38,4,0,1
BRDA:39,5,0,1
BRDA:57,6,0,19
BRF:7
BRH:5
end_of_record
TN:
SF:src/components/containers/SwipeContainer.tsx
FN:16,SwipeContainer
FN:66,onClick
FN:73,onClick
FNF:3
FNH:3
FNDA:11,SwipeContainer
FNDA:1,onClick
FNDA:1,onClick
DA:1,1
DA:2,1
DA:3,1
DA:4,1
DA:5,1
DA:6,1
DA:7,1
DA:8,1
DA:9,1
DA:10,1
DA:11,1
DA:12,1
DA:13,1
DA:14,1
DA:15,1
DA:16,1
DA:17,11
DA:18,11
DA:19,11
DA:20,11
DA:21,11
DA:22,11
DA:23,1
DA:24,1
DA:25,1
DA:26,1
DA:27,1
DA:28,1
DA:29,1
DA:30,11
DA:31,11
DA:32,11
DA:33,11
DA:34,1
DA:35,1
DA:36,1
DA:37,1
DA:38,1
DA:39,1
DA:40,11
DA:41,11
DA:42,11
DA:43,11
DA:44,11
DA:45,11
DA:46,11
DA:47,11
DA:48,11
DA:49,11
DA:50,11
DA:51,11
DA:52,8
DA:53,8
DA:54,8
DA:55,8
DA:56,8
DA:57,8
DA:58,8
DA:59,8
DA:60,8
DA:61,8
DA:62,8
DA:63,8
DA:64,8
DA:65,8
DA:66,8
DA:67,8
DA:68,8
DA:69,8
DA:70,8
DA:71,8
DA:72,8
DA:73,8
DA:74,8
DA:75,8
DA:76,8
DA:77,8
DA:78,8
DA:79,8
DA:80,8
DA:81,8
DA:82,11
DA:83,11
DA:84,11
DA:85,11
DA:86,11
LF:86
LH:86
BRDA:16,0,0,11
BRDA:22,1,0,1
BRDA:24,2,0,0
BRDA:26,3,0,0
BRDA:33,4,0,1
BRDA:36,5,0,0
BRDA:51,6,0,8
BRDA:53,7,0,0
BRDA:57,8,0,0
BRDA:66,9,0,1
BRDA:73,10,0,1
BRF:11
BRH:6
end_of_record
TN:
SF:src/components/containers/TabsContainer.tsx
FN:16,TabsContainer
FN:33,onClick
FNF:2
FNH:2
FNDA:10,TabsContainer
FNDA:1,onClick
DA:1,1
DA:2,1
DA:3,1
DA:4,1
DA:5,1
DA:6,1
DA:7,1
DA:8,1
DA:9,1
DA:10,1
DA:11,1
DA:12,1
DA:13,1
DA:14,1
DA:15,1
DA:16,1
DA:17,10
DA:18,10
DA:19,10
DA:20,10
DA:21,10
DA:22,10
DA:23,10
DA:24,10
DA:25,10
DA:26,10
DA:27,10
DA:28,8
DA:29,8
DA:30,8
DA:31,8
DA:32,8
DA:33,8
DA:34,8
DA:35,8
DA:36,8
DA:37,10
DA:38,10
DA:39,10
DA:40,10
DA:41,10
DA:42,5
DA:43,5
DA:44,5
DA:45,5
DA:46,5
DA:47,5
DA:48,5
DA:49,5
DA:50,5
DA:51,5
DA:52,5
DA:53,5
DA:54,5
DA:55,5
DA:56,5
DA:57,10
DA:58,10
DA:59,10
LF:59
LH:59
BRDA:16,0,0,10
BRDA:21,1,0,5
BRDA:21,2,0,5
BRDA:41,3,0,5
BRDA:27,4,0,8
BRDA:33,5,0,1
BRDA:41,6,0,5
BRDA:43,7,0,0
BRDA:47,8,0,0
BRF:9
BRH:7
end_of_record
TN:
SF:src/provider/AppProvider.tsx
FN:59,createAdapter
FN:79,AppProvider
FN:108,AppProvider.__vite_ssr_import_9__.WorkspaceGuard.isAuthenticated
FN:112,navigate
FNF:4
FNH:4
FNDA:98,createAdapter
FNDA:100,AppProvider
FNDA:1,AppProvider.__vite_ssr_import_9__.WorkspaceGuard.isAuthenticated
FNDA:58,navigate
DA:1,1
DA:2,1
DA:3,1
DA:4,1
DA:5,1
DA:6,1
DA:7,1
DA:8,1
DA:9,1
DA:10,1
DA:11,1
DA:12,1
DA:13,1
DA:14,1
DA:15,1
DA:16,1
DA:17,1
DA:18,1
DA:19,1
DA:20,1
DA:21,1
DA:22,1
DA:23,1
DA:24,1
DA:25,1
DA:26,1
DA:27,1
DA:28,1
DA:29,1
DA:30,1
DA:31,1
DA:32,1
DA:33,1
DA:34,1
DA:35,1
DA:36,1
DA:37,1
DA:38,1
DA:39,1
DA:40,1
DA:41,1
DA:42,1
DA:43,1
DA:44,1
DA:45,1
DA:46,1
DA:47,1
DA:48,1
DA:49,1
DA:50,1
DA:51,1
DA:52,1
DA:53,1
DA:54,1
DA:55,1
DA:56,1
DA:57,1
DA:58,1
DA:59,98
DA:60,98
DA:61,98
DA:62,1
DA:63,98
DA:64,5
DA:65,98
DA:66,79
DA:67,98
DA:68,98
DA:69,13
DA:70,13
DA:71,1
DA:72,1
DA:73,12
DA:74,98
DA:75,98
DA:76,1
DA:77,1
DA:78,1
DA:79,1
DA:80,100
DA:81,100
DA:82,100
DA:83,100
DA:84,100
DA:85,100
DA:86,100
DA:87,100
DA:88,100
DA:89,100
DA:90,100
DA:91,100
DA:92,100
DA:93,100
DA:94,100
DA:95,100
DA:96,100
DA:97,100
DA:98,98
DA:99,98
DA:100,98
DA:101,98
DA:102,98
DA:103,98
DA:104,98
DA:105,98
DA:106,98
DA:107,98
DA:108,98
DA:109,98
DA:110,98
DA:111,98
DA:112,98
DA:113,58
DA:114,58
DA:115,58
DA:116,58
DA:117,58
DA:118,98
DA:119,98
DA:120,98
DA:121,98
DA:122,98
DA:123,98
DA:124,98
DA:125,98
DA:126,98
DA:127,98
DA:128,99
DA:129,99
DA:130,99
DA:131,100
DA:132,3
DA:133,100
DA:134,96
DA:135,96
DA:136,100
DA:137,4
DA:138,100
DA:139,95
DA:140,95
DA:141,99
DA:142,99
DA:143,96
DA:144,96
DA:145,96
DA:146,99
DA:147,99
DA:148,99
DA:149,100
DA:150,100
DA:151,99
DA:152,99
DA:153,99
DA:154,99
DA:155,99
DA:156,99
DA:157,99
DA:158,99
DA:159,99
DA:160,99
DA:161,99
DA:162,99
DA:163,99
DA:164,99
DA:165,99
LF:165
LH:165
BRDA:59,0,0,98
BRDA:61,1,0,1
BRDA:63,2,0,5
BRDA:65,3,0,79
BRDA:67,4,0,13
BRDA:68,5,0,13
BRDA:70,6,0,1
BRDA:70,7,0,1
BRDA:72,8,0,12
BRDA:79,9,0,100
BRDA:97,10,0,99
BRDA:97,11,0,98
BRDA:103,12,0,96
BRDA:108,13,0,13
BRDA:108,14,0,85
BRDA:131,15,0,3
BRDA:133,16,0,99
BRDA:133,17,0,96
BRDA:136,18,0,4
BRDA:138,19,0,99
BRDA:138,20,0,95
BRDA:149,21,0,1
BRDA:149,22,0,99
BRDA:150,23,0,1
BRDA:150,24,0,99
BRDA:108,25,0,1
BRDA:112,26,0,58
BRDA:114,27,0,2
BRDA:115,28,0,48
BRDA:142,29,0,96
BRDA:143,30,0,96
BRF:31
BRH:31
end_of_record
TN:
SF:src/provider/context.ts
FN:18,useAppConfig
FNF:1
FNH:1
FNDA:1,useAppConfig
DA:1,1
DA:2,1
DA:3,1
DA:4,1
DA:5,1
DA:6,1
DA:7,1
DA:8,1
DA:9,1
DA:10,1
DA:11,1
DA:12,1
DA:13,1
DA:14,1
DA:15,1
DA:16,1
DA:17,1
DA:18,1
DA:19,1
DA:20,1
LF:20
LH:20
BRDA:18,0,0,1
BRF:1
BRH:1
end_of_record
TN:
SF:src/router/RouteRegistry.ts
FN:6,defineRoutes
FN:30,RouteRegistry
FN:81,getMatchChain
FN:103,getParent
FN:107,getChildren
FN:111,getAll
FN:117,detectCycles
FN:121,visit
FN:148,isStrictSegmentPrefix
FNF:9
FNH:9
FNDA:37,defineRoutes
FNDA:135,RouteRegistry
FNDA:59,getMatchChain
FNDA:7,getParent
FNDA:2,getChildren
FNDA:1,getAll
FNDA:136,detectCycles
FNDA:327,visit
FNDA:526,isStrictSegmentPrefix
DA:1,1
DA:2,1
DA:3,1
DA:4,1
DA:5,1
DA:6,1
DA:7,37
DA:8,37
DA:9,81
DA:10,1
DA:11,1
DA:12,1
DA:13,1
DA:14,1
DA:15,81
DA:16,36
DA:17,36
DA:18,1
DA:19,1
DA:20,1
DA:21,1
DA:22,1
DA:23,1
DA:24,1
DA:25,1
DA:26,1
DA:27,1
DA:28,1
DA:29,1
DA:30,1
DA:31,135
DA:32,135
DA:33,135
DA:34,135
DA:35,135
DA:36,135
DA:37,135
DA:38,276
DA:39,276
DA:40,135
DA:41,135
DA:42,135
DA:43,276
DA:44,276
DA:45,276
DA:46,276
DA:47,2
DA:48,2
DA:49,2
DA:50,274
DA:51,274
DA:52,274
DA:53,274
DA:54,274
DA:55,274
DA:56,276
DA:57,800
DA:58,526
DA:59,49
DA:60,49
DA:61,49
DA:62,49
DA:63,800
DA:64,274
DA:65,274
DA:66,276
DA:67,48
DA:68,48
DA:69,276
DA:70,135
DA:71,135
DA:72,135
DA:73,135
DA:74,135
DA:75,135
DA:76,1
DA:77,1
DA:78,1
DA:79,1
DA:80,1
DA:81,1
DA:82,59
DA:83,59
DA:84,59
DA:85,59
DA:86,59
DA:87,59
DA:88,55
DA:89,55
DA:90,55
DA:91,55
DA:92,55
DA:93,55
DA:94,55
DA:95,58
DA:96,74
DA:97,74
DA:98,74
DA:99,55
DA:100,55
DA:101,59
DA:102,1
DA:103,1
DA:104,7
DA:105,7
DA:106,1
DA:107,1
DA:108,2
DA:109,2
DA:110,1
DA:111,1
DA:112,1
DA:113,1
DA:114,1
DA:115,1
DA:116,1
DA:117,1
DA:118,136
DA:119,136
DA:120,136
DA:121,136
DA:122,327
DA:123,1
DA:124,1
DA:125,326
DA:126,278
DA:127,278
DA:128,327
DA:129,276
DA:130,276
DA:131,327
DA:132,136
DA:133,136
DA:134,277
DA:135,277
DA:136,136
DA:137,1
DA:138,1
DA:139,1
DA:140,1
DA:141,1
DA:142,1
DA:143,1
DA:144,1
DA:145,1
DA:146,1
DA:147,1
DA:148,526
DA:149,526
DA:150,526
DA:151,526
DA:152,175
DA:153,442
DA:154,526
LF:154
LH:154
BRDA:6,0,0,37
BRDA:8,1,0,81
BRDA:9,2,0,1
BRDA:15,3,0,36
BRDA:30,4,0,135
BRDA:37,5,0,276
BRDA:42,6,0,276
BRDA:46,7,0,2
BRDA:49,8,0,274
BRDA:56,9,0,800
BRDA:57,10,0,752
BRDA:57,11,0,274
BRDA:57,12,0,670
BRDA:57,13,0,526
BRDA:58,14,0,477
BRDA:58,15,0,49
BRDA:63,16,0,274
BRDA:66,17,0,48
BRDA:81,18,0,59
BRDA:87,19,0,4
BRDA:87,20,0,58
BRDA:87,21,0,55
BRDA:95,22,0,74
BRDA:97,23,0,55
BRDA:98,24,0,55
BRDA:84,25,0,171
BRDA:85,26,0,6
BRDA:103,27,0,7
BRDA:104,28,0,4
BRDA:107,29,0,2
BRDA:108,30,0,0
BRDA:111,31,0,1
BRDA:117,32,0,136
BRDA:133,33,0,277
BRDA:135,34,0,135
BRDA:121,35,0,327
BRDA:122,36,0,1
BRDA:124,37,0,326
BRDA:125,38,0,48
BRDA:125,39,0,278
BRDA:128,40,0,50
BRDA:128,41,0,276
BRDA:148,42,0,526
BRDA:149,43,0,0
BRDA:151,44,0,502
BRDA:151,45,0,351
BRDA:151,46,0,442
BRDA:151,47,0,175
BRDA:153,48,0,126
BRF:49
BRH:47
end_of_record
TN:
SF:src/router/RouterContext.ts
FN:44,RouterStore
FN:66,destroy
FN:73,subscribe
FN:78,getSnapshot
FN:84,navigate
FN:105,cancel
FN:143,back
FN:157,setSearchParams
FN:163,setMeta
FN:167,setTransitioning
FN:171,buildPath
FN:175,isWorkspacePath
FN:180,matchPath
FN:184,getHistoryStack
FN:190,handlePopState
FN:203,setState
FN:215,setActiveStore
FN:219,navigate
FNF:18
FNH:18
FNDA:183,RouterStore
FNDA:149,destroy
FNDA:107,subscribe
FNDA:389,getSnapshot
FNDA:99,navigate
FNDA:4,cancel
FNDA:2,back
FNDA:5,setSearchParams
FNDA:5,setMeta
FNDA:2,setTransitioning
FNDA:1,buildPath
FNDA:288,isWorkspacePath
FNDA:3,matchPath
FNDA:1,getHistoryStack
FNDA:1,handlePopState
FNDA:51,setState
FNDA:3,setActiveStore
FNDA:2,navigate
DA:1,1
DA:2,1
DA:3,1
DA:4,1
DA:5,1
DA:6,1
DA:7,1
DA:8,1
DA:9,1
DA:10,1
DA:11,1
DA:12,1
DA:13,1
DA:14,1
DA:15,1
DA:16,1
DA:17,1
DA:18,1
DA:19,1
DA:20,1
DA:21,1
DA:22,1
DA:23,1
DA:24,1
DA:25,1
DA:26,1
DA:27,1
DA:28,1
DA:29,1
DA:30,1
DA:31,1
DA:32,1
DA:33,1
DA:34,1
DA:35,1
DA:36,1
DA:37,1
DA:38,1
DA:39,1
DA:40,1
DA:41,1
DA:42,1
DA:43,1
DA:44,1
DA:45,183
DA:46,183
DA:47,183
DA:48,183
DA:49,183
DA:50,183
DA:51,183
DA:52,183
DA:53,183
DA:54,183
DA:55,183
DA:56,183
DA:57,183
DA:58,183
DA:59,183
DA:60,183
DA:61,183
DA:62,183
DA:63,183
DA:64,183
DA:65,1
DA:66,1
DA:67,149
DA:68,149
DA:69,149
DA:70,1
DA:71,1
DA:72,1
DA:73,1
DA:74,107
DA:75,107
DA:76,107
DA:77,1
DA:78,1
DA:79,389
DA:80,389
DA:81,1
DA:82,1
DA:83,1
DA:84,1
DA:85,99
DA:86,99
DA:87,99
DA:88,99
DA:89,99
DA:90,99
DA:91,99
DA:92,99
DA:93,99
DA:94,3
DA:95,3
DA:96,3
DA:97,98
DA:98,98
DA:99,99
DA:100,6
DA:101,6
DA:102,6
DA:103,6
DA:104,6
DA:105,6
DA:106,6
DA:107,6
DA:108,6
DA:109,94
DA:110,94
DA:111,99
DA:112,57
DA:113,2
DA:114,57
DA:115,55
DA:116,55
DA:117,57
DA:118,57
DA:119,57
DA:120,37
DA:121,37
DA:122,37
DA:123,85
DA:124,2
DA:125,2
DA:126,84
DA:127,35
DA:128,35
DA:129,35
DA:130,37
DA:131,37
DA:132,37
DA:133,37
DA:134,37
DA:135,37
DA:136,37
DA:137,37
DA:138,37
DA:139,37
DA:140,85
DA:141,99
DA:142,1
DA:143,1
DA:144,2
DA:145,1
DA:146,1
DA:147,1
DA:148,1
DA:149,1
DA:150,1
DA:151,1
DA:152,1
DA:153,1
DA:154,1
DA:155,2
DA:156,1
DA:157,1
DA:158,5
DA:159,5
DA:160,5
DA:161,5
DA:162,1
DA:163,1
DA:164,5
DA:165,5
DA:166,1
DA:167,1
DA:168,2
DA:169,2
DA:170,1
DA:171,1
DA:172,1
DA:173,1
DA:174,1
DA:175,1
DA:176,288
DA:177,288
DA:178,288
DA:179,1
DA:180,1
DA:181,3
DA:182,3
DA:183,1
DA:184,1
DA:185,1
DA:186,1
DA:187,1
DA:188,1
DA:189,1
DA:190,1
DA:191,1
DA:192,1
DA:193,1
DA:194,1
DA:195,1
DA:196,1
DA:197,1
DA:198,1
DA:199,1
DA:200,1
DA:201,1
DA:202,1
DA:203,1
DA:204,51
DA:205,51
DA:206,20
DA:207,20
DA:208,51
DA:209,1
DA:210,1
DA:211,1
DA:212,1
DA:213,1
DA:214,1
DA:215,1
DA:216,3
DA:217,3
DA:218,1
DA:219,1
DA:220,2
DA:221,2
LF:221
LH:221
BRDA:44,0,0,183
BRDA:52,1,0,1
BRDA:52,2,0,182
BRDA:66,3,0,149
BRDA:73,4,0,107
BRDA:75,5,0,107
BRDA:78,6,0,389
BRDA:84,7,0,99
BRDA:90,8,0,1
BRDA:90,9,0,98
BRDA:93,10,0,3
BRDA:95,11,0,1
BRDA:96,12,0,98
BRDA:99,13,0,6
BRDA:107,14,0,4
BRDA:108,15,0,94
BRDA:111,16,0,57
BRDA:112,17,0,2
BRDA:114,18,0,55
BRDA:115,19,0,7
BRDA:119,20,0,85
BRDA:119,21,0,37
BRDA:123,22,0,84
BRDA:123,23,0,2
BRDA:126,24,0,35
BRDA:129,25,0,37
BRDA:140,26,0,3
BRDA:105,27,0,4
BRDA:143,28,0,2
BRDA:144,29,0,1
BRDA:153,30,0,0
BRDA:157,31,0,5
BRDA:159,32,0,0
BRDA:163,33,0,5
BRDA:167,34,0,2
BRDA:171,35,0,1
BRDA:175,36,0,288
BRDA:180,37,0,3
BRDA:184,38,0,1
BRDA:190,39,0,1
BRDA:192,40,0,0
BRDA:203,41,0,51
BRDA:205,42,0,20
BRDA:215,43,0,3
BRDA:219,44,0,2
BRDA:220,45,0,1
BRF:46
BRH:43
end_of_record
TN:
SF:src/router/boundaries.tsx
FN:33,RouteErrorBoundary
FN:39,getDerivedStateFromError
FN:49,componentDidCatch
FN:56,reset
FN:60,render
FN:79,DefaultErrorDisplay
FN:96,RouteBoundary
FN:120,resolveLoading
FNF:8
FNH:8
FNDA:81,RouteErrorBoundary
FNDA:26,getDerivedStateFromError
FNDA:13,componentDidCatch
FNDA:2,reset
FNDA:107,render
FNDA:10,DefaultErrorDisplay
FNDA:82,RouteBoundary
FNDA:79,resolveLoading
DA:1,1
DA:2,1
DA:3,1
DA:4,1
DA:5,1
DA:6,1
DA:7,1
DA:8,1
DA:9,1
DA:10,1
DA:11,1
DA:12,1
DA:13,1
DA:14,1
DA:15,1
DA:16,1
DA:17,1
DA:18,1
DA:19,1
DA:20,1
DA:21,1
DA:22,1
DA:23,1
DA:24,1
DA:25,1
DA:26,1
DA:27,1
DA:28,1
DA:29,1
DA:30,1
DA:31,1
DA:32,1
DA:33,1
DA:34,81
DA:35,81
DA:36,81
DA:37,81
DA:38,1
DA:39,1
DA:40,26
DA:41,8
DA:42,8
DA:43,18
DA:44,26
DA:45,26
DA:46,26
DA:47,26
DA:48,1
DA:49,1
DA:50,13
DA:51,13
DA:52,4
DA:53,4
DA:54,13
DA:55,1
DA:56,1
DA:57,2
DA:58,2
DA:59,1
DA:60,1
DA:61,107
DA:62,107
DA:63,107
DA:64,107
DA:65,99
DA:66,107
DA:67,18
DA:68,18
DA:69,18
DA:70,18
DA:71,18
DA:72,81
DA:73,81
DA:74,107
DA:75,1
DA:76,1
DA:77,1
DA:78,1
DA:79,10
DA:80,10
DA:81,10
DA:82,10
DA:83,10
DA:84,10
DA:85,10
DA:86,10
DA:87,1
DA:88,1
DA:89,1
DA:90,1
DA:91,1
DA:92,1
DA:93,1
DA:94,1
DA:95,1
DA:96,1
DA:97,82
DA:98,82
DA:99,82
DA:100,82
DA:101,82
DA:102,82
DA:103,82
DA:104,82
DA:105,82
DA:106,82
DA:107,82
DA:108,82
DA:109,82
DA:110,79
DA:111,79
DA:112,79
DA:113,79
DA:114,79
DA:115,79
DA:116,79
DA:117,1
DA:118,1
DA:119,1
DA:120,79
DA:121,79
DA:122,47
DA:123,1
DA:124,1
DA:125,1
DA:126,5
DA:127,5
LF:127
LH:127
BRDA:33,0,0,81
BRDA:39,1,0,26
BRDA:40,2,0,8
BRDA:42,3,0,18
BRDA:44,4,0,0
BRDA:49,5,0,13
BRDA:51,6,0,4
BRDA:56,7,0,2
BRDA:60,8,0,107
BRDA:64,9,0,8
BRDA:64,10,0,99
BRDA:66,11,0,18
BRDA:69,12,0,12
BRDA:69,13,0,10
BRDA:71,14,0,81
BRDA:79,15,0,10
BRDA:96,16,0,82
BRDA:105,17,0,74
BRDA:108,18,0,8
BRDA:108,19,0,79
BRDA:109,20,0,4
BRDA:109,21,0,79
BRDA:120,22,0,79
BRDA:121,23,0,6
BRDA:121,24,0,73
BRDA:121,25,0,51
BRDA:121,26,0,47
BRDA:121,27,0,6
BRDA:122,28,0,1
BRDA:125,29,0,5
BRF:30
BRH:29
end_of_record
TN:
SF:src/router/context.ts
FN:6,useRouterStore
FNF:1
FNH:1
FNDA:159,useRouterStore
DA:1,1
DA:2,1
DA:3,1
DA:4,1
DA:5,1
DA:6,1
DA:7,159
DA:8,159
DA:9,4
DA:10,4
DA:11,4
DA:12,4
DA:13,154
DA:14,154
LF:14
LH:14
BRDA:6,0,0,159
BRDA:8,1,0,4
BRDA:12,2,0,154
BRF:3
BRH:3
end_of_record
TN:
SF:src/router/history.ts
FN:7,isWorkspaceState
FN:24,HistoryStack
FN:27,get canGoBack
FN:31,push
FN:35,pop
FN:40,replace
FN:48,clear
FN:58,pushWorkspaceEntry
FN:64,readWorkspaceOrigin
FN:70,readWorkspaceId
FNF:10
FNH:10
FNDA:4,isWorkspaceState
FNDA:199,HistoryStack
FNDA:56,get canGoBack
FNDA:47,push
FNDA:14,pop
FNDA:5,replace
FNDA:2,clear
FNDA:3,pushWorkspaceEntry
FNDA:2,readWorkspaceOrigin
FNDA:2,readWorkspaceId
DA:1,1
DA:2,1
DA:3,1
DA:4,1
DA:5,1
DA:6,1
DA:7,4
DA:8,4
DA:9,4
DA:10,4
DA:11,3
DA:12,2
DA:13,4
DA:14,4
DA:15,1
DA:16,1
DA:17,1
DA:18,1
DA:19,1
DA:20,1
DA:21,1
DA:22,1
DA:23,1
DA:24,1
DA:25,199
DA:26,1
DA:27,1
DA:28,56
DA:29,56
DA:30,1
DA:31,1
DA:32,47
DA:33,47
DA:34,1
DA:35,1
DA:36,14
DA:37,14
DA:38,1
DA:39,1
DA:40,1
DA:41,5
DA:42,4
DA:43,5
DA:44,1
DA:45,1
DA:46,5
DA:47,1
DA:48,1
DA:49,2
DA:50,2
DA:51,1
DA:52,1
DA:53,1
DA:54,1
DA:55,1
DA:56,1
DA:57,1
DA:58,1
DA:59,3
DA:60,3
DA:61,3
DA:62,1
DA:63,1
DA:64,1
DA:65,2
DA:66,2
DA:67,2
DA:68,1
DA:69,1
DA:70,1
DA:71,2
DA:72,2
DA:73,2
DA:74,1
LF:74
LH:74
BRDA:7,0,0,4
BRDA:10,1,0,3
BRDA:11,2,0,2
BRDA:24,3,0,199
BRDA:27,4,0,56
BRDA:31,5,0,47
BRDA:35,6,0,14
BRDA:40,7,0,5
BRDA:41,8,0,4
BRDA:43,9,0,1
BRDA:48,10,0,2
BRDA:58,11,0,3
BRDA:64,12,0,2
BRDA:66,13,0,1
BRDA:66,14,0,1
BRDA:70,15,0,2
BRDA:72,16,0,1
BRDA:72,17,0,1
BRF:18
BRH:18
end_of_record
TN:
SF:src/router/hooks.ts
FN:15,useNavigation
FN:43,useLocation
FN:67,useRoute
FN:109,segmentCount
FN:115,takePrefixSegments
FN:124,useParams
FN:131,useSearchParams
FN:159,useQueryState
FN:215,deserializeQueryParam
FN:235,useMeta
FN:257,usePrompt
FN:266,store.onPrompt
FN:268,handleBeforeUnload
FNF:13
FNH:13
FNDA:21,useNavigation
FNDA:13,useLocation
FNDA:8,useRoute
FNDA:4,segmentCount
FNDA:4,takePrefixSegments
FNDA:2,useParams
FNDA:17,useSearchParams
FNDA:12,useQueryState
FNDA:12,deserializeQueryParam
FNDA:8,useMeta
FNDA:10,usePrompt
FNDA:3,store.onPrompt
FNDA:1,handleBeforeUnload
DA:1,1
DA:2,1
DA:3,1
DA:4,1
DA:5,1
DA:6,1
DA:7,1
DA:8,1
DA:9,1
DA:10,1
DA:11,1
DA:12,1
DA:13,1
DA:14,1
DA:15,1
DA:16,21
DA:17,21
DA:18,21
DA:19,21
DA:20,13
DA:21,21
DA:22,21
DA:23,21
DA:24,21
DA:25,21
DA:26,21
DA:27,1
DA:28,21
DA:29,21
DA:30,21
DA:31,21
DA:32,1
DA:33,1
DA:34,1
DA:35,1
DA:36,1
DA:37,1
DA:38,1
DA:39,1
DA:40,1
DA:41,1
DA:42,1
DA:43,1
DA:44,13
DA:45,13
DA:46,13
DA:47,13
DA:48,13
DA:49,13
DA:50,13
DA:51,13
DA:52,13
DA:53,13
DA:54,10
DA:55,10
DA:56,10
DA:57,10
DA:58,10
DA:59,10
DA:60,13
DA:61,13
DA:62,13
DA:63,13
DA:64,1
DA:65,1
DA:66,1
DA:67,1
DA:68,8
DA:69,8
DA:70,8
DA:71,8
DA:72,8
DA:73,8
DA:74,8
DA:75,8
DA:76,8
DA:77,8
DA:78,8
DA:79,8
DA:80,8
DA:81,8
DA:82,8
DA:83,8
DA:84,4
DA:85,4
DA:86,4
DA:87,4
DA:88,4
DA:89,4
DA:90,4
DA:91,4
DA:92,8
DA:93,2
DA:94,2
DA:95,2
DA:96,2
DA:97,2
DA:98,2
DA:99,2
DA:100,2
DA:101,2
DA:102,2
DA:103,2
DA:104,2
DA:105,8
DA:106,8
DA:107,8
DA:108,1
DA:109,4
DA:110,4
DA:111,4
DA:112,4
DA:113,1
DA:114,1
DA:115,4
DA:116,4
DA:117,4
DA:118,4
DA:119,2
DA:120,2
DA:121,1
DA:122,1
DA:123,1
DA:124,1
DA:125,2
DA:126,2
DA:127,2
DA:128,1
DA:129,1
DA:130,1
DA:131,1
DA:132,17
DA:133,17
DA:134,17
DA:135,17
DA:136,17
DA:137,17
DA:138,17
DA:139,17
DA:140,17
DA:141,17
DA:142,17
DA:143,17
DA:144,17
DA:145,5
DA:146,5
DA:147,4
DA:148,1
DA:149,5
DA:150,5
DA:151,17
DA:152,17
DA:153,17
DA:154,17
DA:155,17
DA:156,1
DA:157,1
DA:158,1
DA:159,1
DA:160,12
DA:161,12
DA:162,12
DA:163,12
DA:164,12
DA:165,12
DA:166,12
DA:167,14
DA:168,14
DA:169,14
DA:170,4
DA:171,10
DA:172,14
DA:173,14
DA:174,14
DA:175,4
DA:176,10
DA:177,14
DA:178,14
DA:179,2
DA:180,14
DA:181,12
DA:182,12
DA:183,14
DA:184,12
DA:185,12
DA:186,12
DA:187,12
DA:188,12
DA:189,12
DA:190,3
DA:191,3
DA:192,3
DA:193,3
DA:194,3
DA:195,3
DA:196,3
DA:197,3
DA:198,1
DA:199,2
DA:200,2
DA:201,3
DA:202,2
DA:203,2
DA:204,3
DA:205,3
DA:206,3
DA:207,3
DA:208,12
DA:209,12
DA:210,12
DA:211,12
DA:212,12
DA:213,12
DA:214,1
DA:215,12
DA:216,12
DA:217,12
DA:218,12
DA:219,12
DA:220,12
DA:221,2
DA:222,12
DA:223,5
DA:224,12
DA:225,2
DA:226,12
DA:227,2
DA:228,12
DA:229,1
DA:230,12
DA:231,12
DA:232,1
DA:233,1
DA:234,1
DA:235,1
DA:236,8
DA:237,8
DA:238,8
DA:239,8
DA:240,8
DA:241,8
DA:242,8
DA:243,8
DA:244,8
DA:245,8
DA:246,8
DA:247,8
DA:248,8
DA:249,8
DA:250,8
DA:251,8
DA:252,8
DA:253,8
DA:254,1
DA:255,1
DA:256,1
DA:257,1
DA:258,10
DA:259,10
DA:260,10
DA:261,10
DA:262,2
DA:263,2
DA:264,2
DA:265,8
DA:266,8
DA:267,8
DA:268,8
DA:269,1
DA:270,1
DA:271,8
DA:272,8
DA:273,8
DA:274,8
DA:275,8
DA:276,8
DA:277,10
DA:278,10
DA:279,1
DA:280,1
DA:281,1
DA:282,1
DA:283,1
DA:284,1
LF:284
LH:284
BRDA:15,0,0,21
BRDA:19,1,0,13
BRDA:26,2,0,1
BRDA:30,3,0,21
BRDA:43,4,0,13
BRDA:47,5,0,13
BRDA:48,6,0,41
BRDA:53,7,0,10
BRDA:67,8,0,8
BRDA:73,9,0,8
BRDA:74,10,0,24
BRDA:78,11,0,8
BRDA:83,12,0,4
BRDA:92,13,0,2
BRDA:109,14,0,4
BRDA:110,15,0,0
BRDA:115,16,0,4
BRDA:116,17,0,0
BRDA:117,18,0,1
BRDA:117,19,0,3
BRDA:118,20,0,2
BRDA:124,21,0,2
BRDA:131,22,0,17
BRDA:138,23,0,17
BRDA:139,24,0,56
BRDA:144,25,0,5
BRDA:146,26,0,4
BRDA:147,27,0,1
BRDA:159,28,0,12
BRDA:164,29,0,12
BRDA:166,30,0,14
BRDA:169,31,0,11
BRDA:169,32,0,4
BRDA:170,33,0,10
BRDA:171,34,0,1
BRDA:173,35,0,11
BRDA:174,36,0,4
BRDA:175,37,0,10
BRDA:178,38,0,2
BRDA:180,39,0,12
BRDA:189,40,0,3
BRDA:190,41,0,3
BRDA:194,42,0,0
BRDA:197,43,0,2
BRDA:197,44,0,1
BRDA:198,45,0,2
BRDA:201,46,0,2
BRDA:215,47,0,12
BRDA:220,48,0,2
BRDA:222,49,0,5
BRDA:224,50,0,2
BRDA:226,51,0,2
BRDA:227,52,0,0
BRDA:228,53,0,1
BRDA:229,54,0,0
BRDA:235,55,0,8
BRDA:242,56,0,8
BRDA:243,57,0,28
BRDA:248,58,0,2
BRDA:257,59,0,10
BRDA:260,60,0,10
BRDA:261,61,0,2
BRDA:264,62,0,8
BRDA:266,63,0,3
BRDA:268,64,0,1
BRDA:273,65,0,8
BRF:66
BRH:61
end_of_record
TN:
SF:src/router/matcher.ts
FN:10,splitPath
FN:17,matchPath
FN:66,buildPath
FN:85,specificity
FNF:4
FNH:4
FNDA:580,splitPath
FNDA:280,matchPath
FNDA:25,buildPath
FNDA:20,specificity
DA:1,1
DA:2,1
DA:3,1
DA:4,1
DA:5,1
DA:6,1
DA:7,1
DA:8,1
DA:9,1
DA:10,580
DA:11,580
DA:12,470
DA:13,470
DA:14,1
DA:15,1
DA:16,1
DA:17,1
DA:18,280
DA:19,280
DA:20,280
DA:21,280
DA:22,280
DA:23,280
DA:24,280
DA:25,280
DA:26,280
DA:27,11
DA:28,11
DA:29,11
DA:30,11
DA:31,11
DA:32,11
DA:33,4
DA:34,4
DA:35,4
DA:36,2
DA:37,1
DA:38,2
DA:39,1
DA:40,1
DA:41,4
DA:42,9
DA:43,9
DA:44,9
DA:45,269
DA:46,269
DA:47,280
DA:48,145
DA:49,145
DA:50,270
DA:51,180
DA:52,180
DA:53,180
DA:54,10
DA:55,10
DA:56,9
DA:57,180
DA:58,24
DA:59,24
DA:60,180
DA:61,120
DA:62,120
DA:63,1
DA:64,1
DA:65,1
DA:66,1
DA:67,25
DA:68,6
DA:69,25
DA:70,25
DA:71,1
DA:72,1
DA:73,1
DA:74,1
DA:75,1
DA:76,1
DA:77,1
DA:78,1
DA:79,1
DA:80,1
DA:81,1
DA:82,1
DA:83,1
DA:84,1
DA:85,1
DA:86,20
DA:87,20
DA:88,20
DA:89,28
DA:90,7
DA:91,28
DA:92,6
DA:93,21
DA:94,15
DA:95,15
DA:96,28
DA:97,20
DA:98,20
LF:98
LH:98
BRDA:10,0,0,580
BRDA:11,1,0,110
BRDA:11,2,0,470
BRDA:17,3,0,280
BRDA:26,4,0,11
BRDA:29,5,0,0
BRDA:32,6,0,4
BRDA:35,7,0,2
BRDA:36,8,0,1
BRDA:38,9,0,1
BRDA:41,10,0,9
BRDA:44,11,0,269
BRDA:47,12,0,124
BRDA:47,13,0,270
BRDA:47,14,0,145
BRDA:50,15,0,180
BRDA:53,16,0,10
BRDA:55,17,0,1
BRDA:55,18,0,9
BRDA:57,19,0,170
BRDA:57,20,0,24
BRDA:60,21,0,120
BRDA:66,22,0,25
BRDA:67,23,0,6
BRDA:68,24,0,0
BRDA:85,25,0,20
BRDA:88,26,0,28
BRDA:89,27,0,7
BRDA:91,28,0,21
BRDA:91,29,0,6
BRDA:93,30,0,15
BRF:31
BRH:29
end_of_record
TN:
SF:src/router/registryContext.ts
FN:6,useRouteRegistry
FNF:1
FNH:1
FNDA:57,useRouteRegistry
DA:1,1
DA:2,1
DA:3,1
DA:4,1
DA:5,1
DA:6,1
DA:7,57
DA:8,57
DA:9,4
DA:10,4
DA:11,52
DA:12,52
LF:12
LH:12
BRDA:6,0,0,57
BRDA:8,1,0,4
BRDA:10,2,0,52
BRF:3
BRH:3
end_of_record
TN:
SF:src/utils/notFound.ts
FN:17,notFound
FN:21,isNotFoundError
FNF:2
FNH:2
FNDA:22,notFound
FNDA:44,isNotFoundError
DA:1,1
DA:2,1
DA:3,1
DA:4,1
DA:5,1
DA:6,1
DA:7,1
DA:8,1
DA:9,1
DA:10,1
DA:11,1
DA:12,1
DA:13,1
DA:14,1
DA:15,1
DA:16,1
DA:17,1
DA:18,22
DA:19,22
DA:20,1
DA:21,1
DA:22,44
DA:23,44
DA:24,42
DA:25,41
DA:26,44
DA:27,44
LF:27
LH:27
BRDA:17,0,0,22
BRDA:21,1,0,44
BRDA:23,2,0,42
BRDA:24,3,0,41
BRF:4
BRH:4
end_of_record
TN:
SF:src/utils/params.ts
FN:26,serialize
FN:41,deserialize
FN:64,paramsToRecord
FN:89,recordToParams
FNF:4
FNH:4
FNDA:83,serialize
FNDA:33,deserialize
FNDA:9,paramsToRecord
FNDA:9,recordToParams
DA:1,1
DA:2,1
DA:3,1
DA:4,1
DA:5,1
DA:6,1
DA:7,1
DA:8,1
DA:9,1
DA:10,1
DA:11,1
DA:12,1
DA:13,1
DA:14,1
DA:15,1
DA:16,1
DA:17,1
DA:18,1
DA:19,1
DA:20,1
DA:21,1
DA:22,1
DA:23,1
DA:24,1
DA:25,1
DA:26,1
DA:27,83
DA:28,83
DA:29,55
DA:30,83
DA:31,6
DA:32,83
DA:33,7
DA:34,83
DA:35,12
DA:36,83
DA:37,3
DA:38,83
DA:39,83
DA:40,1
DA:41,1
DA:42,33
DA:43,31
DA:44,33
DA:45,3
DA:46,33
DA:47,9
DA:48,33
DA:49,11
DA:50,33
DA:51,5
DA:52,33
DA:53,3
DA:54,33
DA:55,33
DA:56,1
DA:57,1
DA:58,1
DA:59,1
DA:60,1
DA:61,1
DA:62,1
DA:63,1
DA:64,1
DA:65,9
DA:66,9
DA:67,9
DA:68,9
DA:69,9
DA:70,16
DA:71,4
DA:72,4
DA:73,4
DA:74,4
DA:75,16
DA:76,12
DA:77,12
DA:78,10
DA:79,10
DA:80,12
DA:81,16
DA:82,9
DA:83,9
DA:84,1
DA:85,1
DA:86,1
DA:87,1
DA:88,1
DA:89,1
DA:90,9
DA:91,9
DA:92,9
DA:93,9
DA:94,9
DA:95,16
DA:96,16
DA:97,15
DA:98,16
DA:99,7
DA:100,11
DA:101,11
DA:102,16
DA:103,8
DA:104,8
DA:105,16
DA:106,9
DA:107,9
LF:107
LH:107
BRDA:26,0,0,83
BRDA:28,1,0,55
BRDA:30,2,0,6
BRDA:32,3,0,7
BRDA:34,4,0,12
BRDA:36,5,0,3
BRDA:41,6,0,33
BRDA:42,7,0,2
BRDA:42,8,0,31
BRDA:44,9,0,3
BRDA:46,10,0,9
BRDA:48,11,0,11
BRDA:50,12,0,5
BRDA:51,13,0,0
BRDA:52,14,0,3
BRDA:53,15,0,0
BRDA:64,16,0,9
BRDA:69,17,0,16
BRDA:70,18,0,13
BRDA:70,19,0,4
BRDA:75,20,0,12
BRDA:77,21,0,10
BRDA:89,22,0,9
BRDA:94,23,0,16
BRDA:96,24,0,1
BRDA:96,25,0,15
BRDA:98,26,0,7
BRDA:99,27,0,11
BRDA:102,28,0,8
BRF:29
BRH:27
end_of_record
TN:
SF:src/workspaces/WorkspaceManager.ts
FN:47,WorkspaceManager
FN:58,get adapterType
FN:64,open
FN:135,focus
FN:151,close
FN:175,updateParams
FN:193,updateTitle
FN:204,getAll
FN:208,getCurrent
FN:212,subscribe
FN:218,getChannel
FN:222,getAdapter
FN:228,buildUrl
FNF:13
FNH:13
FNDA:161,WorkspaceManager
FNDA:201,get adapterType
FNDA:88,open
FNDA:10,focus
FNDA:15,close
FNDA:9,updateParams
FNDA:4,updateTitle
FNDA:331,getAll
FNDA:323,getCurrent
FNDA:120,subscribe
FNDA:66,getChannel
FNDA:1,getAdapter
FNDA:90,buildUrl
DA:1,1
DA:2,1
DA:3,1
DA:4,1
DA:5,1
DA:6,1
DA:7,1
DA:8,1
DA:9,1
DA:10,1
DA:11,1
DA:12,1
DA:13,1
DA:14,1
DA:15,1
DA:16,1
DA:17,1
DA:18,1
DA:19,1
DA:20,1
DA:21,1
DA:22,1
DA:23,1
DA:24,1
DA:25,1
DA:26,1
DA:27,1
DA:28,1
DA:29,1
DA:30,1
DA:31,1
DA:32,1
DA:33,1
DA:34,1
DA:35,1
DA:36,1
DA:37,1
DA:38,1
DA:39,1
DA:40,1
DA:41,1
DA:42,1
DA:43,1
DA:44,1
DA:45,1
DA:46,1
DA:47,1
DA:48,161
DA:49,161
DA:50,161
DA:51,161
DA:52,161
DA:53,161
DA:54,161
DA:55,1
DA:56,1
DA:57,1
DA:58,1
DA:59,201
DA:60,201
DA:61,1
DA:62,1
DA:63,1
DA:64,1
DA:65,88
DA:66,88
DA:67,88
DA:68,2
DA:69,2
DA:70,86
DA:71,86
DA:72,88
DA:73,5
DA:74,5
DA:75,3
DA:76,3
DA:77,3
DA:78,3
DA:79,3
DA:80,3
DA:81,5
DA:82,83
DA:83,83
DA:84,83
DA:85,83
DA:86,83
DA:87,83
DA:88,88
DA:89,88
DA:90,88
DA:91,88
DA:92,88
DA:93,88
DA:94,88
DA:95,88
DA:96,88
DA:97,88
DA:98,88
DA:99,88
DA:100,88
DA:101,8
DA:102,8
DA:103,8
DA:104,8
DA:105,8
DA:106,8
DA:107,75
DA:108,75
DA:109,75
DA:110,75
DA:111,75
DA:112,75
DA:113,75
DA:114,75
DA:115,75
DA:116,75
DA:117,75
DA:118,75
DA:119,75
DA:120,88
DA:121,88
DA:122,88
DA:123,88
DA:124,88
DA:125,75
DA:126,75
DA:127,75
DA:128,75
DA:129,75
DA:130,75
DA:131,88
DA:132,1
DA:133,1
DA:134,1
DA:135,1
DA:136,10
DA:137,10
DA:138,2
DA:139,2
DA:140,8
DA:141,8
DA:142,8
DA:143,8
DA:144,8
DA:145,8
DA:146,8
DA:147,10
DA:148,1
DA:149,1
DA:150,1
DA:151,1
DA:152,15
DA:153,15
DA:154,2
DA:155,2
DA:156,13
DA:157,13
DA:158,13
DA:159,13
DA:160,15
DA:161,9
DA:162,9
DA:163,9
DA:164,15
DA:165,15
DA:166,15
DA:167,15
DA:168,13
DA:169,13
DA:170,13
DA:171,15
DA:172,1
DA:173,1
DA:174,1
DA:175,1
DA:176,9
DA:177,9
DA:178,2
DA:179,2
DA:180,7
DA:181,7
DA:182,7
DA:183,7
DA:184,9
DA:185,9
DA:186,9
DA:187,9
DA:188,9
DA:189,9
DA:190,1
DA:191,1
DA:192,1
DA:193,1
DA:194,4
DA:195,4
DA:196,4
DA:197,1
DA:198,1
DA:199,3
DA:200,4
DA:201,1
DA:202,1
DA:203,1
DA:204,1
DA:205,331
DA:206,331
DA:207,1
DA:208,1
DA:209,323
DA:210,323
DA:211,1
DA:212,1
DA:213,120
DA:214,120
DA:215,1
DA:216,1
DA:217,1
DA:218,1
DA:219,66
DA:220,66
DA:221,1
DA:222,1
DA:223,1
DA:224,1
DA:225,1
DA:226,1
DA:227,1
DA:228,1
DA:229,90
DA:230,90
DA:231,90
DA:232,90
DA:233,90
DA:234,49
DA:235,55
DA:236,55
DA:237,55
DA:238,55
DA:239,55
DA:240,4
DA:241,4
DA:242,4
DA:243,55
DA:244,51
DA:245,51
DA:246,55
DA:247,55
DA:248,90
DA:249,41
DA:250,41
DA:251,2
DA:252,1
DA:253,1
DA:254,1
DA:255,1
DA:256,2
DA:257,41
DA:258,90
DA:259,90
DA:260,90
DA:261,1
LF:261
LH:261
BRDA:47,0,0,161
BRDA:53,1,0,63
BRDA:58,2,0,201
BRDA:64,3,0,88
BRDA:67,4,0,2
BRDA:69,5,0,86
BRDA:72,6,0,5
BRDA:74,7,0,3
BRDA:81,8,0,83
BRDA:88,9,0,0
BRDA:92,10,0,0
BRDA:99,11,0,83
BRDA:100,12,0,8
BRDA:106,13,0,75
BRDA:120,14,0,0
BRDA:124,15,0,75
BRDA:73,16,0,3
BRDA:135,17,0,10
BRDA:137,18,0,2
BRDA:139,19,0,8
BRDA:136,20,0,8
BRDA:151,21,0,15
BRDA:153,22,0,2
BRDA:155,23,0,13
BRDA:160,24,0,9
BRDA:163,25,0,13
BRDA:164,26,0,4
BRDA:167,27,0,13
BRDA:152,28,0,13
BRDA:175,29,0,9
BRDA:177,30,0,7
BRDA:177,31,0,2
BRDA:184,32,0,0
BRDA:176,33,0,8
BRDA:184,34,0,8
BRDA:193,35,0,4
BRDA:196,36,0,3
BRDA:196,37,0,1
BRDA:195,38,0,3
BRDA:204,39,0,331
BRDA:208,40,0,323
BRDA:212,41,0,120
BRDA:218,42,0,66
BRDA:219,43,0,13
BRDA:222,44,0,1
BRDA:228,45,0,90
BRDA:233,46,0,49
BRDA:234,47,0,55
BRDA:237,48,0,0
BRDA:239,49,0,4
BRDA:241,50,0,5
BRDA:243,51,0,51
BRDA:248,52,0,41
BRDA:250,53,0,2
BRDA:251,54,0,1
BRDA:252,55,0,2
BRF:56
BRH:51
end_of_record
TN:
SF:src/workspaces/context.ts
FN:9,useWorkspaceManagerContext
FN:23,useWorkspaceTemplates
FNF:2
FNH:2
FNDA:275,useWorkspaceManagerContext
FNDA:54,useWorkspaceTemplates
DA:1,1
DA:2,1
DA:3,1
DA:4,1
DA:5,1
DA:6,1
DA:7,1
DA:8,1
DA:9,1
DA:10,275
DA:11,275
DA:12,4
DA:13,4
DA:14,4
DA:15,4
DA:16,270
DA:17,270
DA:18,1
DA:19,1
DA:20,1
DA:21,1
DA:22,1
DA:23,1
DA:24,54
DA:25,54
DA:26,4
DA:27,4
DA:28,4
DA:29,4
DA:30,49
DA:31,49
LF:31
LH:31
BRDA:9,0,0,275
BRDA:11,1,0,4
BRDA:15,2,0,270
BRDA:23,3,0,54
BRDA:25,4,0,4
BRDA:29,5,0,49
BRF:6
BRH:6
end_of_record
TN:
SF:src/workspaces/defineWorkspaces.ts
FN:11,defineWorkspaces
FN:29,createDescriptor
FN:47,uuidv4
FNF:3
FNH:3
FNDA:36,defineWorkspaces
FNDA:144,createDescriptor
FNDA:144,uuidv4
DA:1,1
DA:2,1
DA:3,1
DA:4,1
DA:5,1
DA:6,1
DA:7,1
DA:8,1
DA:9,1
DA:10,1
DA:11,1
DA:12,36
DA:13,36
DA:14,36
DA:15,34
DA:16,34
DA:17,34
DA:18,34
DA:19,34
DA:20,36
DA:21,36
DA:22,1
DA:23,1
DA:24,1
DA:25,1
DA:26,1
DA:27,1
DA:28,1
DA:29,1
DA:30,144
DA:31,144
DA:32,144
DA:33,144
DA:34,144
DA:35,144
DA:36,144
DA:37,144
DA:38,144
DA:39,144
DA:40,144
DA:41,144
DA:42,144
DA:43,144
DA:44,1
DA:45,1
DA:46,1
DA:47,144
DA:48,144
DA:49,144
DA:50,143
DA:51,143
DA:52,1
DA:53,1
DA:54,31
DA:55,31
DA:56,31
DA:57,1
DA:58,1
LF:58
LH:58
BRDA:11,0,0,36
BRDA:14,1,0,34
BRDA:17,2,0,16
BRDA:29,3,0,144
BRDA:47,4,0,144
BRDA:49,5,0,143
BRDA:51,6,0,1
BRDA:53,7,0,31
BRDA:55,8,0,30
BRDA:55,9,0,1
BRF:10
BRH:10
end_of_record
TN:
SF:src/workspaces/hooks.ts
FN:21,useWorkspaces
FN:51,open
FN:59,focus
FN:63,close
FN:67,updateParams
FN:74,updateTitle
FN:88,useWorkspace
FN:142,useWorkspaceChannel
FNF:8
FNH:8
FNDA:200,useWorkspaces
FNDA:70,open
FNDA:4,focus
FNDA:7,close
FNDA:5,updateParams
FNDA:2,updateTitle
FNDA:7,useWorkspace
FNDA:14,useWorkspaceChannel
DA:1,1
DA:2,1
DA:3,1
DA:4,1
DA:5,1
DA:6,1
DA:7,1
DA:8,1
DA:9,1
DA:10,1
DA:11,1
DA:12,1
DA:13,1
DA:14,1
DA:15,1
DA:16,1
DA:17,1
DA:18,1
DA:19,1
DA:20,1
DA:21,1
DA:22,200
DA:23,200
DA:24,200
DA:25,200
DA:26,200
DA:27,200
DA:28,200
DA:29,200
DA:30,200
DA:31,96
DA:32,122
DA:33,122
DA:34,122
DA:35,122
DA:36,122
DA:37,96
DA:38,96
DA:39,200
DA:40,200
DA:41,200
DA:42,200
DA:43,200
DA:44,200
DA:45,200
DA:46,200
DA:47,200
DA:48,200
DA:49,200
DA:50,200
DA:51,200
DA:52,70
DA:53,70
DA:54,70
DA:55,70
DA:56,70
DA:57,70
DA:58,200
DA:59,200
DA:60,4
DA:61,4
DA:62,200
DA:63,200
DA:64,7
DA:65,7
DA:66,200
DA:67,200
DA:68,5
DA:69,5
DA:70,5
DA:71,5
DA:72,5
DA:73,200
DA:74,200
DA:75,2
DA:76,2
DA:77,200
DA:78,200
DA:79,1
DA:80,1
DA:81,1
DA:82,1
DA:83,1
DA:84,1
DA:85,1
DA:86,1
DA:87,1
DA:88,1
DA:89,7
DA:90,7
DA:91,7
DA:92,7
DA:93,7
DA:94,8
DA:95,8
DA:96,8
DA:97,8
DA:98,7
DA:99,7
DA:100,8
DA:101,7
DA:102,7
DA:103,7
DA:104,7
DA:105,7
DA:106,7
DA:107,7
DA:108,7
DA:109,7
DA:110,7
DA:111,7
DA:112,7
DA:113,6
DA:114,2
DA:115,2
DA:116,1
DA:117,1
DA:118,2
DA:119,2
DA:120,1
DA:121,1
DA:122,1
DA:123,6
DA:124,6
DA:125,7
DA:126,7
DA:127,7
DA:128,7
DA:129,7
DA:130,7
DA:131,7
DA:132,1
DA:133,1
DA:134,1
DA:135,1
DA:136,1
DA:137,1
DA:138,1
DA:139,1
DA:140,1
DA:141,1
DA:142,1
DA:143,14
DA:144,14
DA:145,14
DA:146,20
DA:147,20
DA:148,9
DA:149,14
DA:150,14
DA:151,14
DA:152,14
DA:153,14
DA:154,14
DA:155,14
DA:156,14
DA:157,4
DA:158,4
DA:159,4
DA:160,14
DA:161,14
DA:162,14
DA:163,13
DA:164,5
DA:165,5
DA:166,5
DA:167,5
DA:168,5
DA:169,2
DA:170,2
DA:171,2
DA:172,13
DA:173,13
DA:174,14
DA:175,14
DA:176,14
DA:177,14
DA:178,14
DA:179,14
DA:180,14
LF:180
LH:180
BRDA:21,0,0,200
BRDA:30,1,0,96
BRDA:31,2,0,122
BRDA:42,3,0,722
BRDA:51,4,0,70
BRDA:59,5,0,4
BRDA:63,6,0,7
BRDA:67,7,0,5
BRDA:74,8,0,2
BRDA:88,9,0,7
BRDA:93,10,0,8
BRDA:97,11,0,1
BRDA:97,12,0,7
BRDA:100,13,0,0
BRDA:100,14,0,7
BRDA:94,15,0,7
BRDA:112,16,0,6
BRDA:113,17,0,2
BRDA:115,18,0,1
BRDA:116,19,0,0
BRDA:116,20,0,1
BRDA:117,21,0,0
BRDA:119,22,0,1
BRDA:128,23,0,22
BRDA:142,24,0,14
BRDA:156,25,0,4
BRDA:145,26,0,20
BRDA:147,27,0,17
BRDA:147,28,0,11
BRDA:147,29,0,9
BRDA:162,30,0,13
BRDA:163,31,0,5
BRDA:165,32,0,3
BRDA:166,33,0,2
BRDA:168,34,0,2
BRDA:177,35,0,44
BRF:36
BRH:33
end_of_record
TN:
SF:src/workspaces/types.ts
FN:123,WorkspaceError
FNF:1
FNH:1
FNDA:20,WorkspaceError
DA:1,1
DA:2,1
DA:3,1
DA:4,1
DA:5,1
DA:6,1
DA:7,1
DA:8,1
DA:9,1
DA:10,1
DA:11,1
DA:12,1
DA:13,1
DA:14,1
DA:15,1
DA:16,1
DA:17,1
DA:18,1
DA:19,1
DA:20,1
DA:21,1
DA:22,1
DA:23,1
DA:24,1
DA:25,1
DA:26,1
DA:27,1
DA:28,1
DA:29,1
DA:30,1
DA:31,1
DA:32,1
DA:33,1
DA:34,1
DA:35,1
DA:36,1
DA:37,1
DA:38,1
DA:39,1
DA:40,1
DA:41,1
DA:42,1
DA:43,1
DA:44,1
DA:45,1
DA:46,1
DA:47,1
DA:48,1
DA:49,1
DA:50,1
DA:51,1
DA:52,1
DA:53,1
DA:54,1
DA:55,1
DA:56,1
DA:57,1
DA:58,1
DA:59,1
DA:60,1
DA:61,1
DA:62,1
DA:63,1
DA:64,1
DA:65,1
DA:66,1
DA:67,1
DA:68,1
DA:69,1
DA:70,1
DA:71,1
DA:72,1
DA:73,1
DA:74,1
DA:75,1
DA:76,1
DA:77,1
DA:78,1
DA:79,1
DA:80,1
DA:81,1
DA:82,1
DA:83,1
DA:84,1
DA:85,1
DA:86,1
DA:87,1
DA:88,1
DA:89,1
DA:90,1
DA:91,1
DA:92,1
DA:93,1
DA:94,1
DA:95,1
DA:96,1
DA:97,1
DA:98,1
DA:99,1
DA:100,1
DA:101,1
DA:102,1
DA:103,1
DA:104,1
DA:105,1
DA:106,1
DA:107,1
DA:108,1
DA:109,1
DA:110,1
DA:111,1
DA:112,1
DA:113,1
DA:114,1
DA:115,1
DA:116,1
DA:117,1
DA:118,1
DA:119,1
DA:120,1
DA:121,1
DA:122,1
DA:123,1
DA:124,20
DA:125,20
DA:126,20
DA:127,20
DA:128,20
DA:129,20
DA:130,20
DA:131,20
DA:132,20
DA:133,1
DA:134,1
DA:135,1
DA:136,1
DA:137,1
DA:138,1
DA:139,1
DA:140,1
DA:141,1
LF:141
LH:141
BRDA:123,0,0,20
BRF:1
BRH:1
end_of_record
TN:
SF:src/workspaces/adapters/BrowserTabAdapter.ts
FN:27,BrowserTabAdapter
FN:33,open
FN:41,close
FN:49,focus
FN:55,updateParams
FN:62,updateTitle
FN:69,getAll
FN:77,getCurrent
FN:91,restoreState
FN:96,subscribe
FN:101,destroy
FN:109,initBroadcastChannel
FN:112,bc.onmessage
FN:130,syncCurrentFromUrl
FN:136,buildUrl
FN:149,emit
FNF:16
FNH:16
FNDA:22,BrowserTabAdapter
FNDA:15,open
FNDA:2,close
FNDA:1,focus
FNDA:2,updateParams
FNDA:1,updateTitle
FNDA:4,getAll
FNDA:5,getCurrent
FNDA:1,restoreState
FNDA:9,subscribe
FNDA:1,destroy
FNDA:22,initBroadcastChannel
FNDA:5,bc.onmessage
FNDA:22,syncCurrentFromUrl
FNDA:15,buildUrl
FNDA:24,emit
DA:1,1
DA:2,1
DA:3,1
DA:4,1
DA:5,1
DA:6,1
DA:7,1
DA:8,1
DA:9,1
DA:10,1
DA:11,1
DA:12,1
DA:13,1
DA:14,1
DA:15,1
DA:16,1
DA:17,1
DA:18,1
DA:19,1
DA:20,1
DA:21,1
DA:22,1
DA:23,1
DA:24,1
DA:25,1
DA:26,1
DA:27,1
DA:28,22
DA:29,22
DA:30,22
DA:31,22
DA:32,1
DA:33,1
DA:34,15
DA:35,15
DA:36,15
DA:37,15
DA:38,15
DA:39,15
DA:40,1
DA:41,1
DA:42,2
DA:43,2
DA:44,1
DA:45,1
DA:46,2
DA:47,2
DA:48,1
DA:49,1
DA:50,1
DA:51,1
DA:52,1
DA:53,1
DA:54,1
DA:55,1
DA:56,2
DA:57,2
DA:58,1
DA:59,1
DA:60,2
DA:61,1
DA:62,1
DA:63,1
DA:64,1
DA:65,1
DA:66,1
DA:67,1
DA:68,1
DA:69,1
DA:70,4
DA:71,4
DA:72,1
DA:73,1
DA:74,1
DA:75,1
DA:76,1
DA:77,1
DA:78,5
DA:79,5
DA:80,5
DA:81,3
DA:82,3
DA:83,3
DA:84,3
DA:85,3
DA:86,5
DA:87,2
DA:88,4
DA:89,5
DA:90,1
DA:91,1
DA:92,1
DA:93,1
DA:94,1
DA:95,1
DA:96,1
DA:97,9
DA:98,9
DA:99,9
DA:100,1
DA:101,1
DA:102,1
DA:103,1
DA:104,1
DA:105,1
DA:106,1
DA:107,1
DA:108,1
DA:109,1
DA:110,22
DA:111,22
DA:112,22
DA:113,5
DA:114,5
DA:115,3
DA:116,3
DA:117,2
DA:118,2
DA:119,3
DA:120,5
DA:121,2
DA:122,2
DA:123,2
DA:124,5
DA:125,22
DA:126,1
DA:127,1
DA:128,22
DA:129,1
DA:130,1
DA:131,22
DA:132,22
DA:133,22
DA:134,22
DA:135,1
DA:136,1
DA:137,15
DA:138,15
DA:139,15
DA:140,15
DA:141,1
DA:142,15
DA:143,14
DA:144,14
DA:145,15
DA:146,15
DA:147,15
DA:148,1
DA:149,1
DA:150,24
DA:151,9
DA:152,9
DA:153,24
DA:154,1
LF:154
LH:154
BRDA:27,0,0,22
BRDA:33,1,0,15
BRDA:41,2,0,2
BRDA:43,3,0,1
BRDA:43,4,0,1
BRDA:49,5,0,1
BRDA:55,6,0,2
BRDA:57,7,0,1
BRDA:56,8,0,1
BRDA:62,9,0,1
BRDA:64,10,0,0
BRDA:63,11,0,1
BRDA:69,12,0,4
BRDA:77,13,0,5
BRDA:80,14,0,3
BRDA:80,15,0,2
BRDA:86,16,0,1
BRDA:86,17,0,4
BRDA:86,18,0,2
BRDA:88,19,0,0
BRDA:88,20,0,2
BRDA:91,21,0,1
BRDA:96,22,0,9
BRDA:98,23,0,1
BRDA:101,24,0,1
BRDA:109,25,0,22
BRDA:125,26,0,1
BRDA:112,27,0,5
BRDA:114,28,0,3
BRDA:116,29,0,2
BRDA:120,30,0,2
BRDA:115,31,0,1
BRDA:121,32,0,3
BRDA:130,33,0,22
BRDA:136,34,0,15
BRDA:140,35,0,1
BRDA:141,36,0,2
BRDA:142,37,0,14
BRDA:149,38,0,24
BRDA:150,39,0,9
BRF:40
BRH:38
end_of_record
TN:
SF:src/workspaces/adapters/StackAdapter.ts
FN:15,StackAdapter
FN:22,open
FN:28,close
FN:50,focus
FN:57,updateParams
FN:64,updateTitle
FN:71,getAll
FN:75,getCurrent
FN:79,restoreState
FN:85,subscribe
FN:90,emit
FNF:11
FNH:11
FNDA:136,StackAdapter
FNDA:84,open
FNDA:12,close
FNDA:6,focus
FNDA:6,updateParams
FNDA:3,updateTitle
FNDA:361,getAll
FNDA:324,getCurrent
FNDA:1,restoreState
FNDA:125,subscribe
FNDA:110,emit
DA:1,1
DA:2,1
DA:3,1
DA:4,1
DA:5,1
DA:6,1
DA:7,1
DA:8,1
DA:9,1
DA:10,1
DA:11,1
DA:12,1
DA:13,1
DA:14,1
DA:15,1
DA:16,136
DA:17,136
DA:18,136
DA:19,136
DA:20,136
DA:21,1
DA:22,1
DA:23,84
DA:24,84
DA:25,84
DA:26,84
DA:27,1
DA:28,1
DA:29,12
DA:30,12
DA:31,11
DA:32,11
DA:33,11
DA:34,11
DA:35,11
DA:36,12
DA:37,9
DA:38,9
DA:39,9
DA:40,1
DA:41,1
DA:42,1
DA:43,1
DA:44,1
DA:45,1
DA:46,1
DA:47,1
DA:48,12
DA:49,1
DA:50,1
DA:51,6
DA:52,6
DA:53,5
DA:54,5
DA:55,6
DA:56,1
DA:57,1
DA:58,6
DA:59,6
DA:60,6
DA:61,6
DA:62,6
DA:63,1
DA:64,1
DA:65,3
DA:66,3
DA:67,2
DA:68,2
DA:69,3
DA:70,1
DA:71,1
DA:72,361
DA:73,361
DA:74,1
DA:75,1
DA:76,324
DA:77,324
DA:78,1
DA:79,1
DA:80,1
DA:81,1
DA:82,1
DA:83,1
DA:84,1
DA:85,1
DA:86,125
DA:87,125
DA:88,125
DA:89,1
DA:90,1
DA:91,110
DA:92,139
DA:93,139
DA:94,110
DA:95,1
LF:95
LH:95
BRDA:15,0,0,136
BRDA:22,1,0,84
BRDA:28,2,0,12
BRDA:30,3,0,1
BRDA:30,4,0,11
BRDA:35,5,0,1
BRDA:35,6,0,10
BRDA:36,7,0,9
BRDA:39,8,0,1
BRDA:29,9,0,13
BRDA:50,10,0,6
BRDA:52,11,0,5
BRDA:52,12,0,1
BRDA:51,13,0,5
BRDA:57,14,0,6
BRDA:59,15,0,0
BRDA:58,16,0,7
BRDA:64,17,0,3
BRDA:66,18,0,2
BRDA:66,19,0,1
BRDA:65,20,0,2
BRDA:71,21,0,361
BRDA:75,22,0,324
BRDA:76,23,0,114
BRDA:79,24,0,1
BRDA:81,25,0,0
BRDA:85,26,0,125
BRDA:87,27,0,116
BRDA:90,28,0,110
BRDA:91,29,0,139
BRF:30
BRH:28
end_of_record
TN:
SF:src/workspaces/adapters/SwipeAdapter.ts
FN:10,SwipeAdapter
FN:13,getCurrentIndex
FN:22,setCurrentIndex
FNF:3
FNH:3
FNDA:14,SwipeAdapter
FNDA:6,getCurrentIndex
FNDA:6,setCurrentIndex
DA:1,1
DA:2,1
DA:3,1
DA:4,1
DA:5,1
DA:6,1
DA:7,1
DA:8,1
DA:9,1
DA:10,1
DA:11,14
DA:12,1
DA:13,1
DA:14,6
DA:15,6
DA:16,1
DA:17,1
DA:18,1
DA:19,1
DA:20,1
DA:21,1
DA:22,1
DA:23,6
DA:24,1
DA:25,1
DA:26,1
DA:27,5
DA:28,6
DA:29,1
LF:29
LH:29
BRDA:10,0,0,14
BRDA:13,1,0,6
BRDA:22,2,0,6
BRDA:23,3,0,1
BRDA:26,4,0,5
BRF:5
BRH:5
end_of_record
TN:
SF:src/workspaces/auth/WorkspaceGuard.ts
FN:17,WorkspaceGuard
FN:21,evaluate
FNF:2
FNH:2
FNDA:174,WorkspaceGuard
FNDA:96,evaluate
DA:1,1
DA:2,1
DA:3,1
DA:4,1
DA:5,1
DA:6,1
DA:7,1
DA:8,1
DA:9,1
DA:10,1
DA:11,1
DA:12,1
DA:13,1
DA:14,1
DA:15,1
DA:16,1
DA:17,1
DA:18,174
DA:19,174
DA:20,1
DA:21,1
DA:22,96
DA:23,96
DA:24,70
DA:25,96
DA:26,96
DA:27,11
DA:28,11
DA:29,11
DA:30,96
DA:31,96
DA:32,6
DA:33,6
DA:34,6
DA:35,6
DA:36,96
DA:37,96
DA:38,5
DA:39,5
DA:40,5
DA:41,5
DA:42,96
DA:43,96
DA:44,4
DA:45,4
DA:46,3
DA:47,4
DA:48,1
DA:49,1
DA:50,4
DA:51,96
DA:52,96
DA:53,1
LF:53
LH:53
BRDA:17,0,0,174
BRDA:21,1,0,96
BRDA:23,2,0,70
BRDA:26,3,0,11
BRDA:31,4,0,6
BRDA:33,5,0,2
BRDA:33,6,0,4
BRDA:37,7,0,5
BRDA:43,8,0,4
BRDA:45,9,0,3
BRDA:47,10,0,1
BRF:11
BRH:11
end_of_record
TN:
SF:src/workspaces/channel/WorkspaceChannel.ts
FN:46,createWorkspaceChannel
FN:64,destroy
FNF:2
FNH:2
FNDA:92,createWorkspaceChannel
FNDA:10,destroy
DA:1,1
DA:2,1
DA:3,1
DA:4,1
DA:5,1
DA:6,1
DA:7,1
DA:8,1
DA:9,1
DA:10,1
DA:11,1
DA:12,1
DA:13,1
DA:14,1
DA:15,1
DA:16,1
DA:17,1
DA:18,1
DA:19,1
DA:20,1
DA:21,1
DA:22,1
DA:23,1
DA:24,1
DA:25,1
DA:26,1
DA:27,1
DA:28,1
DA:29,1
DA:30,1
DA:31,1
DA:32,1
DA:33,1
DA:34,1
DA:35,1
DA:36,1
DA:37,1
DA:38,1
DA:39,1
DA:40,1
DA:41,1
DA:42,1
DA:43,1
DA:44,1
DA:45,1
DA:46,1
DA:47,92
DA:48,92
DA:49,92
DA:50,92
DA:51,92
DA:52,92
DA:53,92
DA:54,92
DA:55,92
DA:56,92
DA:57,92
DA:58,92
DA:59,92
DA:60,92
DA:61,92
DA:62,92
DA:63,92
DA:64,92
DA:65,10
DA:66,10
DA:67,10
DA:68,92
DA:69,92
LF:69
LH:69
BRDA:46,0,0,92
BRDA:64,1,0,10
BRF:2
BRH:2
end_of_record
