TN:
SF:src/index.ts
FNF:0
FNH:0
DA:1,1
DA:2,1
DA:3,1
DA:4,1
DA:5,1
DA:6,1
DA:7,1
DA:8,1
DA:9,1
DA:10,1
DA:11,1
DA:12,1
DA:13,1
DA:14,1
DA:15,1
DA:16,1
DA:17,1
DA:18,1
DA:19,1
DA:20,1
DA:21,1
DA:22,1
DA:23,1
DA:24,1
DA:25,1
DA:26,1
DA:27,1
DA:28,1
DA:29,1
DA:30,1
DA:31,1
DA:32,1
DA:33,1
DA:34,1
DA:35,1
DA:36,1
DA:37,1
DA:38,1
DA:39,1
DA:40,1
DA:41,1
DA:42,1
DA:43,1
DA:44,1
DA:45,1
DA:46,1
DA:47,1
DA:48,1
DA:49,1
DA:50,1
DA:51,1
DA:52,1
DA:53,1
DA:54,1
DA:55,1
DA:56,1
DA:57,1
DA:58,1
DA:59,1
DA:60,1
DA:61,1
DA:62,1
DA:63,1
DA:64,1
DA:65,1
DA:66,1
DA:67,1
DA:68,1
DA:69,1
LF:69
LH:69
BRF:0
BRH:0
end_of_record
TN:
SF:src/components/Link.tsx
FN:41,Link
FN:101,handleClick
FN:122,isSegmentAncestor
FNF:3
FNH:3
FNDA:23,Link
FNDA:6,handleClick
FNDA:14,isSegmentAncestor
DA:1,1
DA:2,1
DA:3,1
DA:4,1
DA:5,1
DA:6,1
DA:7,1
DA:8,1
DA:9,1
DA:10,1
DA:11,1
DA:12,1
DA:13,1
DA:14,1
DA:15,1
DA:16,1
DA:17,1
DA:18,1
DA:19,1
DA:20,1
DA:21,1
DA:22,1
DA:23,1
DA:24,1
DA:25,1
DA:26,1
DA:27,1
DA:28,1
DA:29,1
DA:30,1
DA:31,1
DA:32,1
DA:33,1
DA:34,1
DA:35,1
DA:36,1
DA:37,1
DA:38,1
DA:39,1
DA:40,1
DA:41,1
DA:42,23
DA:43,23
DA:44,23
DA:45,23
DA:46,1
DA:47,1
DA:48,1
DA:49,1
DA:50,1
DA:51,1
DA:52,1
DA:53,22
DA:54,22
DA:55,22
DA:56,22
DA:57,22
DA:58,22
DA:59,22
DA:60,22
DA:61,22
DA:62,22
DA:63,22
DA:64,22
DA:65,22
DA:66,22
DA:67,22
DA:68,22
DA:69,22
DA:70,22
DA:71,22
DA:72,22
DA:73,22
DA:74,22
DA:75,22
DA:76,22
DA:77,22
DA:78,22
DA:79,22
DA:80,22
DA:81,23
DA:82,23
DA:83,23
DA:84,23
DA:85,23
DA:86,23
DA:87,23
DA:88,23
DA:89,23
DA:90,23
DA:91,23
DA:92,23
DA:93,23
DA:94,23
DA:95,23
DA:96,23
DA:97,23
DA:98,23
DA:99,23
DA:100,23
DA:101,23
DA:102,6
DA:103,6
DA:104,3
DA:105,6
DA:106,6
DA:107,23
DA:108,23
DA:109,23
DA:110,23
DA:111,23
DA:112,23
DA:113,23
DA:114,23
DA:115,23
DA:116,23
DA:117,23
DA:118,23
DA:119,1
DA:120,1
DA:121,1
DA:122,14
DA:123,14
DA:124,14
DA:125,1
DA:126,1
DA:127,1
LF:127
LH:127
BRDA:41,0,0,23
BRDA:45,1,0,1
BRDA:45,2,0,1
BRDA:52,3,0,22
BRDA:81,4,0,14
BRDA:82,5,0,14
BRDA:88,6,0,10
BRDA:88,7,0,12
BRDA:89,8,0,8
BRDA:89,9,0,14
BRDA:92,10,0,19
BRDA:97,11,0,10
BRDA:97,12,0,12
BRDA:98,13,0,8
BRDA:98,14,0,14
BRDA:112,15,0,2
BRDA:112,16,0,20
BRDA:71,17,0,22
BRDA:72,18,0,74
BRDA:101,19,0,6
BRDA:103,20,0,5
BRDA:103,21,0,4
BRDA:103,22,0,3
BRDA:103,23,0,3
BRDA:105,24,0,0
BRDA:105,25,0,3
BRDA:122,26,0,14
BRDA:123,27,0,1
BRDA:123,28,0,13
BRDA:124,29,0,12
BRDA:124,30,0,1
BRF:31
BRH:30
end_of_record
TN:
SF:src/components/RouterView.tsx
FN:21,RouterView
FN:155,onNotFound
FN:175,renderFallback
FNF:3
FNH:3
FNDA:88,RouterView
FNDA:2,onNotFound
FNDA:5,renderFallback
DA:1,1
DA:2,1
DA:3,1
DA:4,1
DA:5,1
DA:6,1
DA:7,1
DA:8,1
DA:9,1
DA:10,1
DA:11,1
DA:12,1
DA:13,1
DA:14,1
DA:15,1
DA:16,1
DA:17,1
DA:18,1
DA:19,1
DA:20,1
DA:21,1
DA:22,88
DA:23,88
DA:24,88
DA:25,88
DA:26,88
DA:27,88
DA:28,88
DA:29,88
DA:30,88
DA:31,88
DA:32,88
DA:33,88
DA:34,88
DA:35,88
DA:36,88
DA:37,88
DA:38,88
DA:39,88
DA:40,88
DA:41,88
DA:42,88
DA:43,88
DA:44,88
DA:45,88
DA:46,88
DA:47,88
DA:48,88
DA:49,88
DA:50,88
DA:51,56
DA:52,9
DA:53,9
DA:54,9
DA:55,9
DA:56,88
DA:57,88
DA:58,88
DA:59,88
DA:60,56
DA:61,88
DA:62,88
DA:63,88
DA:64,88
DA:65,88
DA:66,88
DA:67,47
DA:68,88
DA:69,88
DA:70,88
DA:71,88
DA:72,47
DA:73,47
DA:74,9
DA:75,27
DA:76,7
DA:77,47
DA:78,1
DA:79,1
DA:80,1
DA:81,1
DA:82,1
DA:83,1
DA:84,9
DA:85,9
DA:86,9
DA:87,88
DA:88,88
DA:89,88
DA:90,88
DA:91,47
DA:92,47
DA:93,47
DA:94,1
DA:95,47
DA:96,46
DA:97,46
DA:98,88
DA:99,88
DA:100,88
DA:101,88
DA:102,88
DA:103,88
DA:104,88
DA:105,5
DA:106,5
DA:107,5
DA:108,5
DA:109,5
DA:110,5
DA:111,80
DA:112,80
DA:113,80
DA:114,80
DA:115,80
DA:116,80
DA:117,80
DA:118,80
DA:119,80
DA:120,80
DA:121,80
DA:122,80
DA:123,86
DA:124,98
DA:125,98
DA:126,98
DA:127,98
DA:128,98
DA:129,98
DA:130,98
DA:131,98
DA:132,98
DA:133,98
DA:134,98
DA:135,98
DA:136,98
DA:137,98
DA:138,98
DA:139,98
DA:140,4
DA:141,4
DA:142,4
DA:143,98
DA:144,98
DA:145,98
DA:146,98
DA:147,98
DA:148,98
DA:149,98
DA:150,98
DA:151,98
DA:152,98
DA:153,98
DA:154,98
DA:155,98
DA:156,98
DA:157,98
DA:158,98
DA:159,98
DA:160,98
DA:161,98
DA:162,98
DA:163,98
DA:164,98
DA:165,98
DA:166,98
DA:167,98
DA:168,98
DA:169,98
DA:170,98
DA:171,98
DA:172,1
DA:173,1
DA:174,1
DA:175,5
DA:176,5
DA:177,5
DA:178,5
DA:179,5
DA:180,4
DA:181,3
DA:182,3
DA:183,3
DA:184,1
DA:185,1
LF:185
LH:185
BRDA:21,0,0,88
BRDA:31,1,0,84
BRDA:32,2,0,85
BRDA:104,3,0,82
BRDA:104,4,0,5
BRDA:107,5,0,3
BRDA:110,6,0,86
BRDA:110,7,0,80
BRDA:123,8,0,98
BRDA:131,9,0,80
BRDA:131,10,0,79
BRDA:139,11,0,4
BRDA:139,12,0,4
BRDA:156,13,0,3
BRDA:156,14,0,95
BRDA:157,15,0,2
BRDA:157,16,0,96
BRDA:158,17,0,0
BRDA:159,18,0,2
BRDA:159,19,0,96
BRDA:164,20,0,98
BRDA:38,21,0,68
BRDA:39,22,0,313
BRDA:50,23,0,56
BRDA:51,24,0,9
BRDA:52,25,0,9
BRDA:59,26,0,56
BRDA:66,27,0,47
BRDA:71,28,0,47
BRDA:73,29,0,38
BRDA:73,30,0,27
BRDA:73,31,0,9
BRDA:75,32,0,7
BRDA:77,33,0,2
BRDA:77,34,0,1
BRDA:83,35,0,9
BRDA:90,36,0,47
BRDA:91,37,0,0
BRDA:93,38,0,1
BRDA:95,39,0,46
BRDA:155,40,0,2
BRDA:175,41,0,5
BRDA:179,42,0,4
BRDA:179,43,0,1
BRDA:179,44,0,4
BRDA:180,45,0,3
BRDA:183,46,0,1
BRF:47
BRH:45
end_of_record
TN:
SF:src/components/containers/StackContainer.tsx
FN:16,StackContainer
FN:39,onFocus
FN:40,onClose
FN:58,WorkspaceSlot
FNF:4
FNH:4
FNDA:40,StackContainer
FNDA:1,onFocus
FNDA:1,onClose
FNDA:31,WorkspaceSlot
DA:1,1
DA:2,1
DA:3,1
DA:4,1
DA:5,1
DA:6,1
DA:7,1
DA:8,1
DA:9,1
DA:10,1
DA:11,1
DA:12,1
DA:13,1
DA:14,1
DA:15,1
DA:16,1
DA:17,40
DA:18,40
DA:19,40
DA:20,40
DA:21,40
DA:22,40
DA:23,40
DA:24,31
DA:25,31
DA:26,31
DA:27,31
DA:28,31
DA:29,31
DA:30,31
DA:31,31
DA:32,31
DA:33,31
DA:34,31
DA:35,31
DA:36,31
DA:37,31
DA:38,31
DA:39,31
DA:40,31
DA:41,31
DA:42,31
DA:43,40
DA:44,40
DA:45,40
DA:46,40
DA:47,1
DA:48,1
DA:49,1
DA:50,1
DA:51,1
DA:52,1
DA:53,1
DA:54,1
DA:55,1
DA:56,1
DA:57,1
DA:58,31
DA:59,31
DA:60,31
DA:61,31
DA:62,31
DA:63,31
DA:64,31
DA:65,31
DA:66,31
DA:67,31
DA:68,31
DA:69,31
DA:70,31
DA:71,31
DA:72,31
LF:72
LH:72
BRDA:16,0,0,40
BRDA:23,1,0,31
BRDA:25,2,0,0
BRDA:29,3,0,0
BRDA:39,4,0,1
BRDA:40,5,0,1
BRDA:58,6,0,31
BRF:7
BRH:5
end_of_record
TN:
SF:src/components/containers/SwipeContainer.tsx
FN:17,SwipeContainer
FN:67,onClick
FN:74,onClick
FNF:3
FNH:3
FNDA:11,SwipeContainer
FNDA:1,onClick
FNDA:1,onClick
DA:1,1
DA:2,1
DA:3,1
DA:4,1
DA:5,1
DA:6,1
DA:7,1
DA:8,1
DA:9,1
DA:10,1
DA:11,1
DA:12,1
DA:13,1
DA:14,1
DA:15,1
DA:16,1
DA:17,1
DA:18,11
DA:19,11
DA:20,11
DA:21,11
DA:22,11
DA:23,11
DA:24,1
DA:25,1
DA:26,1
DA:27,1
DA:28,1
DA:29,1
DA:30,1
DA:31,11
DA:32,11
DA:33,11
DA:34,11
DA:35,1
DA:36,1
DA:37,1
DA:38,1
DA:39,1
DA:40,1
DA:41,11
DA:42,11
DA:43,11
DA:44,11
DA:45,11
DA:46,11
DA:47,11
DA:48,11
DA:49,11
DA:50,11
DA:51,11
DA:52,11
DA:53,8
DA:54,8
DA:55,8
DA:56,8
DA:57,8
DA:58,8
DA:59,8
DA:60,8
DA:61,8
DA:62,8
DA:63,8
DA:64,8
DA:65,8
DA:66,8
DA:67,8
DA:68,8
DA:69,8
DA:70,8
DA:71,8
DA:72,8
DA:73,8
DA:74,8
DA:75,8
DA:76,8
DA:77,8
DA:78,8
DA:79,8
DA:80,8
DA:81,8
DA:82,8
DA:83,11
DA:84,11
DA:85,11
DA:86,11
DA:87,11
LF:87
LH:87
BRDA:17,0,0,11
BRDA:23,1,0,1
BRDA:25,2,0,0
BRDA:27,3,0,0
BRDA:34,4,0,1
BRDA:37,5,0,0
BRDA:52,6,0,8
BRDA:54,7,0,0
BRDA:58,8,0,0
BRDA:67,9,0,1
BRDA:74,10,0,1
BRF:11
BRH:6
end_of_record
TN:
SF:src/components/containers/TabsContainer.tsx
FN:17,TabsContainer
FN:34,onClick
FNF:2
FNH:2
FNDA:10,TabsContainer
FNDA:1,onClick
DA:1,1
DA:2,1
DA:3,1
DA:4,1
DA:5,1
DA:6,1
DA:7,1
DA:8,1
DA:9,1
DA:10,1
DA:11,1
DA:12,1
DA:13,1
DA:14,1
DA:15,1
DA:16,1
DA:17,1
DA:18,10
DA:19,10
DA:20,10
DA:21,10
DA:22,10
DA:23,10
DA:24,10
DA:25,10
DA:26,10
DA:27,10
DA:28,10
DA:29,8
DA:30,8
DA:31,8
DA:32,8
DA:33,8
DA:34,8
DA:35,8
DA:36,8
DA:37,8
DA:38,10
DA:39,10
DA:40,10
DA:41,10
DA:42,10
DA:43,5
DA:44,5
DA:45,5
DA:46,5
DA:47,5
DA:48,5
DA:49,5
DA:50,5
DA:51,5
DA:52,5
DA:53,5
DA:54,5
DA:55,5
DA:56,5
DA:57,5
DA:58,10
DA:59,10
DA:60,10
LF:60
LH:60
BRDA:17,0,0,10
BRDA:22,1,0,5
BRDA:22,2,0,5
BRDA:42,3,0,5
BRDA:28,4,0,8
BRDA:34,5,0,1
BRDA:42,6,0,5
BRDA:44,7,0,0
BRDA:48,8,0,0
BRF:9
BRH:7
end_of_record
TN:
SF:src/provider/AppProvider.tsx
FN:77,CredentialDialogHost
FN:88,onSubmit
FN:89,onCancel
FN:97,createAdapter
FN:117,AppProvider
FN:159,AppProvider.__vite_ssr_import_9__.WorkspaceGuard.isAuthenticated
FN:160,requestCredential
FN:168,navigate
FN:189,getCurrentPath
FN:202,AppProvider.store2.routeGuard
FN:210,makeContext
FN:223,runFrom
FNF:12
FNH:12
FNDA:145,CredentialDialogHost
FNDA:3,onSubmit
FNDA:1,onCancel
FNDA:136,createAdapter
FNDA:143,AppProvider
FNDA:1,AppProvider.__vite_ssr_import_9__.WorkspaceGuard.isAuthenticated
FNDA:4,requestCredential
FNDA:71,navigate
FNDA:57,getCurrentPath
FNDA:34,AppProvider.store2.routeGuard
FNDA:10,makeContext
FNDA:11,runFrom
DA:1,1
DA:2,1
DA:3,1
DA:4,1
DA:5,1
DA:6,1
DA:7,1
DA:8,1
DA:9,1
DA:10,1
DA:11,1
DA:12,1
DA:13,1
DA:14,1
DA:15,1
DA:16,1
DA:17,1
DA:18,1
DA:19,1
DA:20,1
DA:21,1
DA:22,1
DA:23,1
DA:24,1
DA:25,1
DA:26,1
DA:27,1
DA:28,1
DA:29,1
DA:30,1
DA:31,1
DA:32,1
DA:33,1
DA:34,1
DA:35,1
DA:36,1
DA:37,1
DA:38,1
DA:39,1
DA:40,1
DA:41,1
DA:42,1
DA:43,1
DA:44,1
DA:45,1
DA:46,1
DA:47,1
DA:48,1
DA:49,1
DA:50,1
DA:51,1
DA:52,1
DA:53,1
DA:54,1
DA:55,1
DA:56,1
DA:57,1
DA:58,1
DA:59,1
DA:60,1
DA:61,1
DA:62,1
DA:63,1
DA:64,1
DA:65,1
DA:66,1
DA:67,1
DA:68,1
DA:69,1
DA:70,1
DA:71,1
DA:72,1
DA:73,1
DA:74,1
DA:75,1
DA:76,1
DA:77,145
DA:78,145
DA:79,145
DA:80,145
DA:81,145
DA:82,145
DA:83,145
DA:84,4
DA:85,4
DA:86,4
DA:87,4
DA:88,4
DA:89,4
DA:90,4
DA:91,4
DA:92,4
DA:93,4
DA:94,1
DA:95,1
DA:96,1
DA:97,136
DA:98,136
DA:99,136
DA:100,1
DA:101,136
DA:102,5
DA:103,136
DA:104,117
DA:105,136
DA:106,136
DA:107,13
DA:108,13
DA:109,1
DA:110,1
DA:111,12
DA:112,136
DA:113,136
DA:114,1
DA:115,1
DA:116,1
DA:117,1
DA:118,143
DA:119,143
DA:120,143
DA:121,143
DA:122,143
DA:123,143
DA:124,143
DA:125,143
DA:126,143
DA:127,143
DA:128,143
DA:129,143
DA:130,143
DA:131,143
DA:132,143
DA:133,143
DA:134,143
DA:135,143
DA:136,143
DA:137,140
DA:138,140
DA:139,140
DA:140,4
DA:141,4
DA:142,4
DA:143,4
DA:144,136
DA:145,136
DA:146,136
DA:147,136
DA:148,140
DA:149,140
DA:150,140
DA:151,140
DA:152,140
DA:153,140
DA:154,140
DA:155,140
DA:156,140
DA:157,140
DA:158,140
DA:159,140
DA:160,140
DA:161,4
DA:162,4
DA:163,4
DA:164,4
DA:165,140
DA:166,140
DA:167,140
DA:168,140
DA:169,71
DA:170,71
DA:171,71
DA:172,71
DA:173,71
DA:174,71
DA:175,71
DA:176,71
DA:177,71
DA:178,71
DA:179,71
DA:180,71
DA:181,140
DA:182,140
DA:183,140
DA:184,140
DA:185,140
DA:186,140
DA:187,140
DA:188,140
DA:189,140
DA:190,140
DA:191,140
DA:192,140
DA:193,5
DA:194,131
DA:195,140
DA:196,140
DA:197,140
DA:198,140
DA:199,140
DA:200,140
DA:201,140
DA:202,140
DA:203,34
DA:204,34
DA:205,36
DA:206,36
DA:207,34
DA:208,34
DA:209,10
DA:210,10
DA:211,10
DA:212,10
DA:213,10
DA:214,10
DA:215,10
DA:216,10
DA:217,10
DA:218,10
DA:219,10
DA:220,10
DA:221,10
DA:222,10
DA:223,10
DA:224,11
DA:225,10
DA:226,10
DA:227,10
DA:228,10
DA:229,10
DA:230,4
DA:231,4
DA:232,3
DA:233,3
DA:234,2
DA:235,11
DA:236,10
DA:237,10
DA:238,34
DA:239,140
DA:240,137
DA:241,137
DA:242,137
DA:243,143
DA:244,4
DA:245,143
DA:246,133
DA:247,133
DA:248,143
DA:249,6
DA:250,143
DA:251,131
DA:252,131
DA:253,137
DA:254,137
DA:255,132
DA:256,132
DA:257,132
DA:258,132
DA:259,132
DA:260,132
DA:261,137
DA:262,137
DA:263,137
DA:264,137
DA:265,137
DA:266,137
DA:267,137
DA:268,143
DA:269,143
DA:270,143
DA:271,137
DA:272,137
DA:273,137
DA:274,137
DA:275,137
DA:276,137
DA:277,137
DA:278,137
DA:279,137
DA:280,137
DA:281,137
DA:282,137
DA:283,137
DA:284,137
DA:285,137
DA:286,137
LF:286
LH:286
BRDA:77,0,0,145
BRDA:83,1,0,141
BRDA:83,2,0,4
BRDA:88,3,0,3
BRDA:89,4,0,1
BRDA:97,5,0,136
BRDA:99,6,0,1
BRDA:101,7,0,5
BRDA:103,8,0,117
BRDA:105,9,0,13
BRDA:106,10,0,13
BRDA:108,11,0,1
BRDA:108,12,0,1
BRDA:110,13,0,12
BRDA:117,14,0,143
BRDA:136,15,0,142
BRDA:136,16,0,140
BRDA:139,17,0,9
BRDA:139,18,0,4
BRDA:143,19,0,136
BRDA:148,20,0,134
BRDA:156,21,0,19
BRDA:159,22,0,19
BRDA:159,23,0,117
BRDA:190,24,0,1
BRDA:190,25,0,135
BRDA:191,26,0,0
BRDA:191,27,0,136
BRDA:192,28,0,5
BRDA:192,29,0,5
BRDA:193,30,0,131
BRDA:239,31,0,137
BRDA:243,32,0,4
BRDA:245,33,0,142
BRDA:245,34,0,133
BRDA:247,35,0,137
BRDA:248,36,0,6
BRDA:250,37,0,142
BRDA:250,38,0,131
BRDA:252,39,0,137
BRDA:268,40,0,3
BRDA:268,41,0,137
BRDA:269,42,0,3
BRDA:269,43,0,137
BRDA:270,44,0,1
BRDA:270,45,0,1
BRDA:270,46,0,137
BRDA:159,47,0,1
BRDA:160,48,0,4
BRDA:162,49,0,3
BRDA:162,50,0,0
BRDA:168,51,0,71
BRDA:177,52,0,2
BRDA:178,53,0,57
BRDA:179,54,0,2
BRDA:189,55,0,57
BRDA:202,56,0,34
BRDA:208,57,0,24
BRDA:208,58,0,10
BRDA:204,59,0,36
BRDA:206,60,0,10
BRDA:206,61,0,26
BRDA:210,62,0,10
BRDA:216,63,0,0
BRDA:223,64,0,11
BRDA:224,65,0,10
BRDA:228,66,0,2
BRDA:228,67,0,7
BRDA:229,68,0,4
BRDA:231,69,0,3
BRDA:233,70,0,2
BRDA:230,71,0,3
BRDA:230,72,0,1
BRDA:230,73,0,2
BRDA:254,74,0,132
BRDA:257,75,0,132
BRF:76
BRH:73
end_of_record
TN:
SF:src/provider/context.ts
FN:21,useAppConfig
FNF:1
FNH:1
FNDA:130,useAppConfig
DA:1,1
DA:2,1
DA:3,1
DA:4,1
DA:5,1
DA:6,1
DA:7,1
DA:8,1
DA:9,1
DA:10,1
DA:11,1
DA:12,1
DA:13,1
DA:14,1
DA:15,1
DA:16,1
DA:17,1
DA:18,1
DA:19,1
DA:20,1
DA:21,1
DA:22,130
DA:23,130
LF:23
LH:23
BRDA:21,0,0,130
BRF:1
BRH:1
end_of_record
TN:
SF:src/router/RouteRegistry.ts
FN:10,defineRoutes
FN:34,RouteRegistry
FN:87,getMatchChain
FN:109,getParent
FN:113,getChildren
FN:117,getAll
FN:123,detectCycles
FN:127,visit
FN:154,isStrictSegmentPrefix
FNF:9
FNH:9
FNDA:52,defineRoutes
FNDA:173,RouteRegistry
FNDA:136,getMatchChain
FNDA:7,getParent
FNDA:2,getChildren
FNDA:1,getAll
FNDA:174,detectCycles
FNDA:396,visit
FNDA:592,isStrictSegmentPrefix
DA:1,1
DA:2,1
DA:3,1
DA:4,1
DA:5,1
DA:6,1
DA:7,1
DA:8,1
DA:9,1
DA:10,1
DA:11,52
DA:12,52
DA:13,111
DA:14,1
DA:15,1
DA:16,1
DA:17,1
DA:18,1
DA:19,111
DA:20,51
DA:21,51
DA:22,1
DA:23,1
DA:24,1
DA:25,1
DA:26,1
DA:27,1
DA:28,1
DA:29,1
DA:30,1
DA:31,1
DA:32,1
DA:33,1
DA:34,1
DA:35,173
DA:36,173
DA:37,173
DA:38,173
DA:39,173
DA:40,173
DA:41,173
DA:42,344
DA:43,344
DA:44,173
DA:45,173
DA:46,173
DA:47,344
DA:48,344
DA:49,344
DA:50,344
DA:51,2
DA:52,2
DA:53,2
DA:54,342
DA:55,342
DA:56,342
DA:57,342
DA:58,342
DA:59,342
DA:60,344
DA:61,934
DA:62,592
DA:63,50
DA:64,50
DA:65,50
DA:66,50
DA:67,934
DA:68,342
DA:69,342
DA:70,344
DA:71,49
DA:72,49
DA:73,344
DA:74,173
DA:75,173
DA:76,173
DA:77,173
DA:78,173
DA:79,173
DA:80,173
DA:81,173
DA:82,1
DA:83,1
DA:84,1
DA:85,1
DA:86,1
DA:87,1
DA:88,136
DA:89,136
DA:90,136
DA:91,136
DA:92,136
DA:93,136
DA:94,132
DA:95,132
DA:96,132
DA:97,132
DA:98,132
DA:99,132
DA:100,132
DA:101,135
DA:102,155
DA:103,155
DA:104,155
DA:105,132
DA:106,132
DA:107,136
DA:108,1
DA:109,1
DA:110,7
DA:111,7
DA:112,1
DA:113,1
DA:114,2
DA:115,2
DA:116,1
DA:117,1
DA:118,1
DA:119,1
DA:120,1
DA:121,1
DA:122,1
DA:123,1
DA:124,174
DA:125,174
DA:126,174
DA:127,174
DA:128,396
DA:129,1
DA:130,1
DA:131,395
DA:132,346
DA:133,346
DA:134,396
DA:135,344
DA:136,344
DA:137,396
DA:138,174
DA:139,174
DA:140,345
DA:141,345
DA:142,174
DA:143,1
DA:144,1
DA:145,1
DA:146,1
DA:147,1
DA:148,1
DA:149,1
DA:150,1
DA:151,1
DA:152,1
DA:153,1
DA:154,592
DA:155,592
DA:156,592
DA:157,592
DA:158,206
DA:159,521
DA:160,592
LF:160
LH:160
BRDA:10,0,0,52
BRDA:12,1,0,111
BRDA:13,2,0,1
BRDA:19,3,0,51
BRDA:34,4,0,173
BRDA:41,5,0,344
BRDA:46,6,0,344
BRDA:50,7,0,2
BRDA:53,8,0,342
BRDA:60,9,0,934
BRDA:61,10,0,912
BRDA:61,11,0,342
BRDA:61,12,0,823
BRDA:61,13,0,592
BRDA:62,14,0,542
BRDA:62,15,0,50
BRDA:67,16,0,342
BRDA:70,17,0,49
BRDA:87,18,0,136
BRDA:93,19,0,4
BRDA:93,20,0,135
BRDA:93,21,0,132
BRDA:101,22,0,155
BRDA:103,23,0,132
BRDA:104,24,0,132
BRDA:90,25,0,329
BRDA:91,26,0,6
BRDA:109,27,0,7
BRDA:110,28,0,4
BRDA:113,29,0,2
BRDA:114,30,0,0
BRDA:117,31,0,1
BRDA:123,32,0,174
BRDA:139,33,0,345
BRDA:141,34,0,173
BRDA:127,35,0,396
BRDA:128,36,0,1
BRDA:130,37,0,395
BRDA:131,38,0,49
BRDA:131,39,0,346
BRDA:134,40,0,51
BRDA:134,41,0,344
BRDA:154,42,0,592
BRDA:155,43,0,0
BRDA:157,44,0,581
BRDA:157,45,0,386
BRDA:157,46,0,521
BRDA:157,47,0,206
BRDA:159,48,0,156
BRF:49
BRH:47
end_of_record
TN:
SF:src/router/RouterContext.ts
FN:55,RouterStore
FN:77,destroy
FN:84,subscribe
FN:89,getSnapshot
FN:95,navigate
FN:121,cancel
FN:173,commitNavigation
FN:217,back
FN:232,setSearchParams
FN:238,setMeta
FN:242,setTransitioning
FN:246,buildPath
FN:250,isWorkspacePath
FN:255,matchPath
FN:259,getHistoryStack
FN:265,handlePopState
FN:278,setState
FN:290,setActiveStore
FN:299,navigate
FNF:19
FNH:19
FNDA:224,RouterStore
FNDA:185,destroy
FNDA:164,subscribe
FNDA:729,getSnapshot
FNDA:132,navigate
FNDA:4,cancel
FNDA:54,commitNavigation
FNDA:5,back
FNDA:5,setSearchParams
FNDA:5,setMeta
FNDA:58,setTransitioning
FNDA:1,buildPath
FNDA:402,isWorkspacePath
FNDA:3,matchPath
FNDA:1,getHistoryStack
FNDA:1,handlePopState
FNDA:126,setState
FNDA:267,setActiveStore
FNDA:4,navigate
DA:1,1
DA:2,1
DA:3,1
DA:4,1
DA:5,1
DA:6,1
DA:7,1
DA:8,1
DA:9,1
DA:10,1
DA:11,1
DA:12,1
DA:13,1
DA:14,1
DA:15,1
DA:16,1
DA:17,1
DA:18,1
DA:19,1
DA:20,1
DA:21,1
DA:22,1
DA:23,1
DA:24,1
DA:25,1
DA:26,1
DA:27,1
DA:28,1
DA:29,1
DA:30,1
DA:31,1
DA:32,1
DA:33,1
DA:34,1
DA:35,1
DA:36,1
DA:37,1
DA:38,1
DA:39,1
DA:40,1
DA:41,1
DA:42,1
DA:43,1
DA:44,1
DA:45,1
DA:46,1
DA:47,1
DA:48,1
DA:49,1
DA:50,1
DA:51,1
DA:52,1
DA:53,1
DA:54,1
DA:55,1
DA:56,224
DA:57,224
DA:58,224
DA:59,224
DA:60,224
DA:61,224
DA:62,224
DA:63,224
DA:64,224
DA:65,224
DA:66,224
DA:67,224
DA:68,224
DA:69,224
DA:70,224
DA:71,224
DA:72,224
DA:73,224
DA:74,224
DA:75,224
DA:76,1
DA:77,1
DA:78,185
DA:79,185
DA:80,185
DA:81,1
DA:82,1
DA:83,1
DA:84,1
DA:85,164
DA:86,164
DA:87,164
DA:88,1
DA:89,1
DA:90,729
DA:91,729
DA:92,1
DA:93,1
DA:94,1
DA:95,1
DA:96,132
DA:97,132
DA:98,132
DA:99,132
DA:100,132
DA:101,132
DA:102,132
DA:103,132
DA:104,132
DA:105,132
DA:106,132
DA:107,132
DA:108,132
DA:109,132
DA:110,3
DA:111,3
DA:112,3
DA:113,131
DA:114,131
DA:115,132
DA:116,7
DA:117,7
DA:118,7
DA:119,7
DA:120,7
DA:121,7
DA:122,7
DA:123,7
DA:124,7
DA:125,127
DA:126,127
DA:127,132
DA:128,66
DA:129,2
DA:130,66
DA:131,64
DA:132,64
DA:133,66
DA:134,66
DA:135,66
DA:136,66
DA:137,61
DA:138,61
DA:139,61
DA:140,67
DA:141,34
DA:142,34
DA:143,34
DA:144,34
DA:145,1
DA:146,1
DA:147,33
DA:148,34
DA:149,1
DA:150,1
DA:151,1
DA:152,34
DA:153,4
DA:154,4
DA:155,3
DA:156,3
DA:157,1
DA:158,1
DA:159,1
DA:160,1
DA:161,3
DA:162,4
DA:163,1
DA:164,1
DA:165,4
DA:166,4
DA:167,4
DA:168,34
DA:169,53
DA:170,53
DA:171,132
DA:172,1
DA:173,1
DA:174,54
DA:175,54
DA:176,54
DA:177,54
DA:178,54
DA:179,54
DA:180,54
DA:181,54
DA:182,54
DA:183,54
DA:184,54
DA:185,54
DA:186,9
DA:187,9
DA:188,9
DA:189,9
DA:190,9
DA:191,9
DA:192,9
DA:193,9
DA:194,9
DA:195,9
DA:196,45
DA:197,51
DA:198,2
DA:199,2
DA:200,50
DA:201,43
DA:202,43
DA:203,43
DA:204,45
DA:205,45
DA:206,45
DA:207,45
DA:208,45
DA:209,45
DA:210,45
DA:211,45
DA:212,45
DA:213,45
DA:214,51
DA:215,54
DA:216,1
DA:217,1
DA:218,5
DA:219,5
DA:220,3
DA:221,3
DA:222,3
DA:223,3
DA:224,3
DA:225,3
DA:226,3
DA:227,3
DA:228,3
DA:229,3
DA:230,5
DA:231,1
DA:232,1
DA:233,5
DA:234,5
DA:235,5
DA:236,5
DA:237,1
DA:238,1
DA:239,5
DA:240,5
DA:241,1
DA:242,1
DA:243,58
DA:244,58
DA:245,1
DA:246,1
DA:247,1
DA:248,1
DA:249,1
DA:250,1
DA:251,402
DA:252,402
DA:253,402
DA:254,1
DA:255,1
DA:256,3
DA:257,3
DA:258,1
DA:259,1
DA:260,1
DA:261,1
DA:262,1
DA:263,1
DA:264,1
DA:265,1
DA:266,1
DA:267,1
DA:268,1
DA:269,1
DA:270,1
DA:271,1
DA:272,1
DA:273,1
DA:274,1
DA:275,1
DA:276,1
DA:277,1
DA:278,1
DA:279,126
DA:280,126
DA:281,99
DA:282,99
DA:283,126
DA:284,1
DA:285,1
DA:286,1
DA:287,1
DA:288,1
DA:289,1
DA:290,1
DA:291,267
DA:292,267
DA:293,1
DA:294,1
DA:295,1
DA:296,1
DA:297,1
DA:298,1
DA:299,1
DA:300,4
DA:301,4
LF:301
LH:301
BRDA:55,0,0,224
BRDA:63,1,0,7
BRDA:63,2,0,217
BRDA:77,3,0,185
BRDA:84,4,0,164
BRDA:86,5,0,164
BRDA:89,6,0,729
BRDA:95,7,0,132
BRDA:101,8,0,1
BRDA:101,9,0,131
BRDA:105,10,0,66
BRDA:105,11,0,66
BRDA:106,12,0,63
BRDA:106,13,0,4
BRDA:106,14,0,128
BRDA:109,15,0,3
BRDA:111,16,0,1
BRDA:112,17,0,131
BRDA:115,18,0,7
BRDA:123,19,0,4
BRDA:124,20,0,127
BRDA:127,21,0,66
BRDA:128,22,0,2
BRDA:130,23,0,64
BRDA:131,24,0,7
BRDA:134,25,0,4
BRDA:136,26,0,118
BRDA:136,27,0,67
BRDA:136,28,0,61
BRDA:140,29,0,34
BRDA:144,30,0,1
BRDA:146,31,0,33
BRDA:147,32,0,2
BRDA:147,33,0,31
BRDA:148,34,0,1
BRDA:151,35,0,30
BRDA:152,36,0,4
BRDA:168,37,0,53
BRDA:121,38,0,4
BRDA:154,39,0,3
BRDA:155,40,0,1
BRDA:155,41,0,2
BRDA:156,42,0,1
BRDA:162,43,0,1
BRDA:173,44,0,54
BRDA:185,45,0,9
BRDA:193,46,0,1
BRDA:195,47,0,51
BRDA:195,48,0,45
BRDA:197,49,0,50
BRDA:197,50,0,2
BRDA:200,51,0,43
BRDA:203,52,0,45
BRDA:214,53,0,3
BRDA:217,54,0,5
BRDA:218,55,0,4
BRDA:218,56,0,1
BRDA:219,57,0,2
BRDA:219,58,0,4
BRDA:219,59,0,1
BRDA:219,60,0,3
BRDA:228,61,0,0
BRDA:232,62,0,5
BRDA:234,63,0,0
BRDA:238,64,0,5
BRDA:242,65,0,58
BRDA:246,66,0,1
BRDA:250,67,0,402
BRDA:255,68,0,3
BRDA:259,69,0,1
BRDA:265,70,0,1
BRDA:267,71,0,0
BRDA:278,72,0,126
BRDA:280,73,0,99
BRDA:290,74,0,267
BRDA:299,75,0,4
BRDA:300,76,0,2
BRF:77
BRH:74
end_of_record
TN:
SF:src/router/boundaries.tsx
FN:33,RouteErrorBoundary
FN:39,getDerivedStateFromError
FN:49,componentDidCatch
FN:56,componentDidUpdate
FN:68,reset
FN:72,render
FN:91,DefaultErrorDisplay
FN:108,RouteBoundary
FN:132,resolveLoading
FNF:9
FNH:9
FNDA:84,RouteErrorBoundary
FNDA:30,getDerivedStateFromError
FNDA:15,componentDidCatch
FNDA:33,componentDidUpdate
FNDA:3,reset
FNDA:144,render
FNDA:15,DefaultErrorDisplay
FNDA:115,RouteBoundary
FNDA:111,resolveLoading
DA:1,1
DA:2,1
DA:3,1
DA:4,1
DA:5,1
DA:6,1
DA:7,1
DA:8,1
DA:9,1
DA:10,1
DA:11,1
DA:12,1
DA:13,1
DA:14,1
DA:15,1
DA:16,1
DA:17,1
DA:18,1
DA:19,1
DA:20,1
DA:21,1
DA:22,1
DA:23,1
DA:24,1
DA:25,1
DA:26,1
DA:27,1
DA:28,1
DA:29,1
DA:30,1
DA:31,1
DA:32,1
DA:33,1
DA:34,84
DA:35,84
DA:36,84
DA:37,84
DA:38,1
DA:39,1
DA:40,30
DA:41,8
DA:42,8
DA:43,22
DA:44,30
DA:45,30
DA:46,30
DA:47,30
DA:48,1
DA:49,1
DA:50,15
DA:51,15
DA:52,4
DA:53,4
DA:54,15
DA:55,1
DA:56,1
DA:57,33
DA:58,33
DA:59,33
DA:60,33
DA:61,33
DA:62,9
DA:63,33
DA:64,1
DA:65,1
DA:66,33
DA:67,1
DA:68,1
DA:69,3
DA:70,3
DA:71,1
DA:72,1
DA:73,144
DA:74,144
DA:75,144
DA:76,144
DA:77,136
DA:78,144
DA:79,25
DA:80,25
DA:81,25
DA:82,25
DA:83,25
DA:84,111
DA:85,111
DA:86,144
DA:87,1
DA:88,1
DA:89,1
DA:90,1
DA:91,15
DA:92,15
DA:93,15
DA:94,15
DA:95,15
DA:96,15
DA:97,15
DA:98,15
DA:99,1
DA:100,1
DA:101,1
DA:102,1
DA:103,1
DA:104,1
DA:105,1
DA:106,1
DA:107,1
DA:108,1
DA:109,115
DA:110,115
DA:111,115
DA:112,115
DA:113,115
DA:114,115
DA:115,115
DA:116,115
DA:117,115
DA:118,115
DA:119,115
DA:120,115
DA:121,115
DA:122,111
DA:123,111
DA:124,111
DA:125,111
DA:126,111
DA:127,111
DA:128,111
DA:129,1
DA:130,1
DA:131,1
DA:132,111
DA:133,111
DA:134,69
DA:135,1
DA:136,1
DA:137,1
DA:138,7
DA:139,7
LF:139
LH:139
BRDA:33,0,0,84
BRDA:39,1,0,30
BRDA:40,2,0,8
BRDA:42,3,0,22
BRDA:44,4,0,0
BRDA:49,5,0,15
BRDA:51,6,0,4
BRDA:56,7,0,33
BRDA:61,8,0,9
BRDA:62,9,0,8
BRDA:63,10,0,1
BRDA:68,11,0,3
BRDA:72,12,0,144
BRDA:76,13,0,8
BRDA:76,14,0,136
BRDA:78,15,0,25
BRDA:81,16,0,19
BRDA:81,17,0,15
BRDA:83,18,0,111
BRDA:91,19,0,15
BRDA:108,20,0,115
BRDA:117,21,0,106
BRDA:120,22,0,8
BRDA:120,23,0,111
BRDA:121,24,0,6
BRDA:121,25,0,111
BRDA:132,26,0,111
BRDA:133,27,0,8
BRDA:133,28,0,103
BRDA:133,29,0,77
BRDA:133,30,0,69
BRDA:133,31,0,8
BRDA:134,32,0,1
BRDA:137,33,0,7
BRF:34
BRH:33
end_of_record
TN:
SF:src/router/context.ts
FN:6,useRouterStore
FNF:1
FNH:1
FNDA:261,useRouterStore
DA:1,1
DA:2,1
DA:3,1
DA:4,1
DA:5,1
DA:6,1
DA:7,261
DA:8,261
DA:9,4
DA:10,4
DA:11,4
DA:12,4
DA:13,256
DA:14,256
LF:14
LH:14
BRDA:6,0,0,261
BRDA:8,1,0,4
BRDA:12,2,0,256
BRF:3
BRH:3
end_of_record
TN:
SF:src/router/history.ts
FN:7,isWorkspaceState
FN:24,HistoryStack
FN:27,get canGoBack
FN:31,push
FN:35,pop
FN:40,replace
FN:48,clear
FN:58,pushWorkspaceEntry
FN:64,readWorkspaceOrigin
FN:70,readWorkspaceId
FNF:10
FNH:10
FNDA:4,isWorkspaceState
FNDA:240,HistoryStack
FNDA:78,get canGoBack
FNDA:55,push
FNDA:16,pop
FNDA:5,replace
FNDA:2,clear
FNDA:3,pushWorkspaceEntry
FNDA:2,readWorkspaceOrigin
FNDA:2,readWorkspaceId
DA:1,1
DA:2,1
DA:3,1
DA:4,1
DA:5,1
DA:6,1
DA:7,4
DA:8,4
DA:9,4
DA:10,4
DA:11,3
DA:12,2
DA:13,4
DA:14,4
DA:15,1
DA:16,1
DA:17,1
DA:18,1
DA:19,1
DA:20,1
DA:21,1
DA:22,1
DA:23,1
DA:24,1
DA:25,240
DA:26,1
DA:27,1
DA:28,78
DA:29,78
DA:30,1
DA:31,1
DA:32,55
DA:33,55
DA:34,1
DA:35,1
DA:36,16
DA:37,16
DA:38,1
DA:39,1
DA:40,1
DA:41,5
DA:42,4
DA:43,5
DA:44,1
DA:45,1
DA:46,5
DA:47,1
DA:48,1
DA:49,2
DA:50,2
DA:51,1
DA:52,1
DA:53,1
DA:54,1
DA:55,1
DA:56,1
DA:57,1
DA:58,1
DA:59,3
DA:60,3
DA:61,3
DA:62,1
DA:63,1
DA:64,1
DA:65,2
DA:66,2
DA:67,2
DA:68,1
DA:69,1
DA:70,1
DA:71,2
DA:72,2
DA:73,2
DA:74,1
LF:74
LH:74
BRDA:7,0,0,4
BRDA:10,1,0,3
BRDA:11,2,0,2
BRDA:24,3,0,240
BRDA:27,4,0,78
BRDA:31,5,0,55
BRDA:35,6,0,16
BRDA:40,7,0,5
BRDA:41,8,0,4
BRDA:43,9,0,1
BRDA:48,10,0,2
BRDA:58,11,0,3
BRDA:64,12,0,2
BRDA:66,13,0,1
BRDA:66,14,0,1
BRDA:70,15,0,2
BRDA:72,16,0,1
BRDA:72,17,0,1
BRF:18
BRH:18
end_of_record
TN:
SF:src/router/hooks.ts
FN:25,useNavigation
FN:53,useLocation
FN:77,useRoute
FN:119,segmentCount
FN:125,takePrefixSegments
FN:134,useParams
FN:141,useSearchParams
FN:169,useQueryState
FN:225,deserializeQueryParam
FN:245,useMeta
FN:267,usePrompt
FN:276,store.onPrompt
FN:278,handleBeforeUnload
FNF:13
FNH:13
FNDA:57,useNavigation
FNDA:41,useLocation
FNDA:8,useRoute
FNDA:4,segmentCount
FNDA:4,takePrefixSegments
FNDA:2,useParams
FNDA:17,useSearchParams
FNDA:12,useQueryState
FNDA:12,deserializeQueryParam
FNDA:8,useMeta
FNDA:13,usePrompt
FNDA:5,store.onPrompt
FNDA:2,handleBeforeUnload
DA:1,1
DA:2,1
DA:3,1
DA:4,1
DA:5,1
DA:6,1
DA:7,1
DA:8,1
DA:9,1
DA:10,1
DA:11,1
DA:12,1
DA:13,1
DA:14,1
DA:15,1
DA:16,1
DA:17,1
DA:18,1
DA:19,1
DA:20,1
DA:21,1
DA:22,1
DA:23,1
DA:24,1
DA:25,1
DA:26,57
DA:27,57
DA:28,57
DA:29,57
DA:30,30
DA:31,57
DA:32,57
DA:33,57
DA:34,57
DA:35,57
DA:36,57
DA:37,1
DA:38,57
DA:39,57
DA:40,57
DA:41,57
DA:42,1
DA:43,1
DA:44,1
DA:45,1
DA:46,1
DA:47,1
DA:48,1
DA:49,1
DA:50,1
DA:51,1
DA:52,1
DA:53,1
DA:54,41
DA:55,41
DA:56,41
DA:57,41
DA:58,41
DA:59,41
DA:60,41
DA:61,41
DA:62,41
DA:63,41
DA:64,35
DA:65,35
DA:66,35
DA:67,35
DA:68,35
DA:69,35
DA:70,41
DA:71,41
DA:72,41
DA:73,41
DA:74,1
DA:75,1
DA:76,1
DA:77,1
DA:78,8
DA:79,8
DA:80,8
DA:81,8
DA:82,8
DA:83,8
DA:84,8
DA:85,8
DA:86,8
DA:87,8
DA:88,8
DA:89,8
DA:90,8
DA:91,8
DA:92,8
DA:93,8
DA:94,4
DA:95,4
DA:96,4
DA:97,4
DA:98,4
DA:99,4
DA:100,4
DA:101,4
DA:102,8
DA:103,2
DA:104,2
DA:105,2
DA:106,2
DA:107,2
DA:108,2
DA:109,2
DA:110,2
DA:111,2
DA:112,2
DA:113,2
DA:114,2
DA:115,8
DA:116,8
DA:117,8
DA:118,1
DA:119,4
DA:120,4
DA:121,4
DA:122,4
DA:123,1
DA:124,1
DA:125,4
DA:126,4
DA:127,4
DA:128,4
DA:129,2
DA:130,2
DA:131,1
DA:132,1
DA:133,1
DA:134,1
DA:135,2
DA:136,2
DA:137,2
DA:138,1
DA:139,1
DA:140,1
DA:141,1
DA:142,17
DA:143,17
DA:144,17
DA:145,17
DA:146,17
DA:147,17
DA:148,17
DA:149,17
DA:150,17
DA:151,17
DA:152,17
DA:153,17
DA:154,17
DA:155,5
DA:156,5
DA:157,4
DA:158,1
DA:159,5
DA:160,5
DA:161,17
DA:162,17
DA:163,17
DA:164,17
DA:165,17
DA:166,1
DA:167,1
DA:168,1
DA:169,1
DA:170,12
DA:171,12
DA:172,12
DA:173,12
DA:174,12
DA:175,12
DA:176,12
DA:177,14
DA:178,14
DA:179,14
DA:180,4
DA:181,10
DA:182,14
DA:183,14
DA:184,14
DA:185,4
DA:186,10
DA:187,14
DA:188,14
DA:189,2
DA:190,14
DA:191,12
DA:192,12
DA:193,14
DA:194,12
DA:195,12
DA:196,12
DA:197,12
DA:198,12
DA:199,12
DA:200,3
DA:201,3
DA:202,3
DA:203,3
DA:204,3
DA:205,3
DA:206,3
DA:207,3
DA:208,1
DA:209,2
DA:210,2
DA:211,3
DA:212,2
DA:213,2
DA:214,3
DA:215,3
DA:216,3
DA:217,3
DA:218,12
DA:219,12
DA:220,12
DA:221,12
DA:222,12
DA:223,12
DA:224,1
DA:225,12
DA:226,12
DA:227,12
DA:228,12
DA:229,12
DA:230,12
DA:231,2
DA:232,12
DA:233,5
DA:234,12
DA:235,2
DA:236,12
DA:237,2
DA:238,12
DA:239,1
DA:240,12
DA:241,12
DA:242,1
DA:243,1
DA:244,1
DA:245,1
DA:246,8
DA:247,8
DA:248,8
DA:249,8
DA:250,8
DA:251,8
DA:252,8
DA:253,8
DA:254,8
DA:255,8
DA:256,8
DA:257,8
DA:258,8
DA:259,8
DA:260,8
DA:261,8
DA:262,8
DA:263,8
DA:264,1
DA:265,1
DA:266,1
DA:267,1
DA:268,13
DA:269,13
DA:270,13
DA:271,13
DA:272,2
DA:273,2
DA:274,2
DA:275,11
DA:276,11
DA:277,11
DA:278,11
DA:279,2
DA:280,2
DA:281,2
DA:282,2
DA:283,11
DA:284,11
DA:285,11
DA:286,11
DA:287,11
DA:288,11
DA:289,13
DA:290,13
DA:291,1
DA:292,1
DA:293,1
DA:294,1
DA:295,1
DA:296,1
LF:296
LH:296
BRDA:25,0,0,57
BRDA:29,1,0,30
BRDA:34,2,0,3
BRDA:36,3,0,1
BRDA:40,4,0,39
BRDA:53,5,0,41
BRDA:57,6,0,41
BRDA:58,7,0,140
BRDA:63,8,0,35
BRDA:77,9,0,8
BRDA:83,10,0,8
BRDA:84,11,0,24
BRDA:88,12,0,8
BRDA:93,13,0,4
BRDA:102,14,0,2
BRDA:119,15,0,4
BRDA:120,16,0,0
BRDA:125,17,0,4
BRDA:126,18,0,0
BRDA:127,19,0,1
BRDA:127,20,0,3
BRDA:128,21,0,2
BRDA:134,22,0,2
BRDA:141,23,0,17
BRDA:148,24,0,17
BRDA:149,25,0,56
BRDA:154,26,0,5
BRDA:156,27,0,4
BRDA:157,28,0,1
BRDA:169,29,0,12
BRDA:174,30,0,12
BRDA:176,31,0,14
BRDA:179,32,0,11
BRDA:179,33,0,4
BRDA:180,34,0,10
BRDA:181,35,0,1
BRDA:183,36,0,11
BRDA:184,37,0,4
BRDA:185,38,0,10
BRDA:188,39,0,2
BRDA:190,40,0,12
BRDA:199,41,0,3
BRDA:200,42,0,3
BRDA:204,43,0,0
BRDA:207,44,0,2
BRDA:207,45,0,1
BRDA:208,46,0,2
BRDA:211,47,0,2
BRDA:225,48,0,12
BRDA:230,49,0,2
BRDA:232,50,0,5
BRDA:234,51,0,2
BRDA:236,52,0,2
BRDA:237,53,0,0
BRDA:238,54,0,1
BRDA:239,55,0,0
BRDA:245,56,0,8
BRDA:252,57,0,8
BRDA:253,58,0,28
BRDA:258,59,0,2
BRDA:267,60,0,13
BRDA:270,61,0,13
BRDA:271,62,0,2
BRDA:274,63,0,11
BRDA:276,64,0,5
BRDA:278,65,0,2
BRDA:285,66,0,11
BRF:67
BRH:62
end_of_record
TN:
SF:src/router/matcher.ts
FN:10,splitPath
FN:17,matchPath
FN:66,buildPath
FN:85,specificity
FNF:4
FNH:4
FNDA:1010,splitPath
FNDA:495,matchPath
FNDA:27,buildPath
FNDA:20,specificity
DA:1,1
DA:2,1
DA:3,1
DA:4,1
DA:5,1
DA:6,1
DA:7,1
DA:8,1
DA:9,1
DA:10,1010
DA:11,1010
DA:12,680
DA:13,680
DA:14,1
DA:15,1
DA:16,1
DA:17,1
DA:18,495
DA:19,495
DA:20,495
DA:21,495
DA:22,495
DA:23,495
DA:24,495
DA:25,495
DA:26,495
DA:27,11
DA:28,11
DA:29,11
DA:30,11
DA:31,11
DA:32,11
DA:33,4
DA:34,4
DA:35,4
DA:36,2
DA:37,1
DA:38,2
DA:39,1
DA:40,1
DA:41,4
DA:42,9
DA:43,9
DA:44,9
DA:45,484
DA:46,484
DA:47,495
DA:48,283
DA:49,283
DA:50,485
DA:51,254
DA:52,254
DA:53,254
DA:54,12
DA:55,12
DA:56,11
DA:57,254
DA:58,31
DA:59,31
DA:60,254
DA:61,251
DA:62,251
DA:63,1
DA:64,1
DA:65,1
DA:66,1
DA:67,27
DA:68,6
DA:69,27
DA:70,27
DA:71,1
DA:72,1
DA:73,1
DA:74,1
DA:75,1
DA:76,1
DA:77,1
DA:78,1
DA:79,1
DA:80,1
DA:81,1
DA:82,1
DA:83,1
DA:84,1
DA:85,1
DA:86,20
DA:87,20
DA:88,20
DA:89,28
DA:90,7
DA:91,28
DA:92,6
DA:93,21
DA:94,15
DA:95,15
DA:96,28
DA:97,20
DA:98,20
LF:98
LH:98
BRDA:10,0,0,1010
BRDA:11,1,0,330
BRDA:11,2,0,680
BRDA:17,3,0,495
BRDA:26,4,0,11
BRDA:29,5,0,0
BRDA:32,6,0,4
BRDA:35,7,0,2
BRDA:36,8,0,1
BRDA:38,9,0,1
BRDA:41,10,0,9
BRDA:44,11,0,484
BRDA:47,12,0,201
BRDA:47,13,0,485
BRDA:47,14,0,283
BRDA:50,15,0,254
BRDA:53,16,0,12
BRDA:55,17,0,1
BRDA:55,18,0,11
BRDA:57,19,0,242
BRDA:57,20,0,31
BRDA:60,21,0,251
BRDA:66,22,0,27
BRDA:67,23,0,6
BRDA:68,24,0,0
BRDA:85,25,0,20
BRDA:88,26,0,28
BRDA:89,27,0,7
BRDA:91,28,0,21
BRDA:91,29,0,6
BRDA:93,30,0,15
BRF:31
BRH:29
end_of_record
TN:
SF:src/router/registryContext.ts
FN:6,useRouteRegistry
FNF:1
FNH:1
FNDA:90,useRouteRegistry
DA:1,1
DA:2,1
DA:3,1
DA:4,1
DA:5,1
DA:6,1
DA:7,90
DA:8,90
DA:9,4
DA:10,4
DA:11,85
DA:12,85
LF:12
LH:12
BRDA:6,0,0,90
BRDA:8,1,0,4
BRDA:10,2,0,85
BRF:3
BRH:3
end_of_record
TN:
SF:src/utils/notFound.ts
FN:17,notFound
FN:21,isNotFoundError
FNF:2
FNH:2
FNDA:22,notFound
FNDA:50,isNotFoundError
DA:1,1
DA:2,1
DA:3,1
DA:4,1
DA:5,1
DA:6,1
DA:7,1
DA:8,1
DA:9,1
DA:10,1
DA:11,1
DA:12,1
DA:13,1
DA:14,1
DA:15,1
DA:16,1
DA:17,1
DA:18,22
DA:19,22
DA:20,1
DA:21,1
DA:22,50
DA:23,50
DA:24,48
DA:25,47
DA:26,50
DA:27,50
LF:27
LH:27
BRDA:17,0,0,22
BRDA:21,1,0,50
BRDA:23,2,0,48
BRDA:24,3,0,47
BRF:4
BRH:4
end_of_record
TN:
SF:src/utils/params.ts
FN:26,serialize
FN:41,deserialize
FN:64,paramsToRecord
FN:89,recordToParams
FNF:4
FNH:4
FNDA:104,serialize
FNDA:35,deserialize
FNDA:11,paramsToRecord
FNDA:9,recordToParams
DA:1,1
DA:2,1
DA:3,1
DA:4,1
DA:5,1
DA:6,1
DA:7,1
DA:8,1
DA:9,1
DA:10,1
DA:11,1
DA:12,1
DA:13,1
DA:14,1
DA:15,1
DA:16,1
DA:17,1
DA:18,1
DA:19,1
DA:20,1
DA:21,1
DA:22,1
DA:23,1
DA:24,1
DA:25,1
DA:26,1
DA:27,104
DA:28,104
DA:29,76
DA:30,104
DA:31,6
DA:32,104
DA:33,7
DA:34,104
DA:35,12
DA:36,104
DA:37,3
DA:38,104
DA:39,104
DA:40,1
DA:41,1
DA:42,35
DA:43,33
DA:44,35
DA:45,3
DA:46,35
DA:47,10
DA:48,35
DA:49,11
DA:50,35
DA:51,6
DA:52,35
DA:53,3
DA:54,35
DA:55,35
DA:56,1
DA:57,1
DA:58,1
DA:59,1
DA:60,1
DA:61,1
DA:62,1
DA:63,1
DA:64,1
DA:65,11
DA:66,11
DA:67,11
DA:68,11
DA:69,11
DA:70,19
DA:71,5
DA:72,5
DA:73,5
DA:74,5
DA:75,18
DA:76,14
DA:77,14
DA:78,11
DA:79,11
DA:80,14
DA:81,19
DA:82,11
DA:83,11
DA:84,1
DA:85,1
DA:86,1
DA:87,1
DA:88,1
DA:89,1
DA:90,9
DA:91,9
DA:92,9
DA:93,9
DA:94,9
DA:95,16
DA:96,16
DA:97,15
DA:98,16
DA:99,7
DA:100,11
DA:101,11
DA:102,16
DA:103,8
DA:104,8
DA:105,16
DA:106,9
DA:107,9
LF:107
LH:107
BRDA:26,0,0,104
BRDA:28,1,0,76
BRDA:30,2,0,6
BRDA:32,3,0,7
BRDA:34,4,0,12
BRDA:36,5,0,3
BRDA:41,6,0,35
BRDA:42,7,0,2
BRDA:42,8,0,33
BRDA:44,9,0,3
BRDA:46,10,0,10
BRDA:48,11,0,11
BRDA:50,12,0,6
BRDA:51,13,0,0
BRDA:52,14,0,3
BRDA:53,15,0,0
BRDA:64,16,0,11
BRDA:69,17,0,19
BRDA:70,18,0,15
BRDA:70,19,0,18
BRDA:70,20,0,5
BRDA:75,21,0,14
BRDA:77,22,0,11
BRDA:89,23,0,9
BRDA:94,24,0,16
BRDA:96,25,0,1
BRDA:96,26,0,15
BRDA:98,27,0,7
BRDA:99,28,0,11
BRDA:102,29,0,8
BRF:30
BRH:28
end_of_record
TN:
SF:src/workspaces/WorkspaceManager.ts
FN:58,getSessionStorage
FN:91,WorkspaceManager
FN:101,WorkspaceManager.getCurrentPath
FN:120,resolveDirectAccess
FN:170,descriptorFromLocation
FN:213,retryAuth
FN:241,setAuthGranted
FN:251,restoreFromStorage
FN:291,persistToStorage
FN:309,get adapterType
FN:314,createChannelPair
FN:322,open
FN:417,focus
FN:437,close
FN:472,adapterFailure
FN:484,updateParams
FN:502,updateTitle
FN:513,getAll
FN:517,getCurrent
FN:521,subscribe
FN:532,emitManagerEvent
FN:540,getChannel
FN:544,getAdapter
FN:550,buildUrl
FNF:24
FNH:24
FNDA:40,getSessionStorage
FNDA:231,WorkspaceManager
FNDA:40,WorkspaceManager.getCurrentPath
FNDA:231,resolveDirectAccess
FNDA:231,descriptorFromLocation
FNDA:5,retryAuth
FNDA:13,setAuthGranted
FNDA:21,restoreFromStorage
FNDA:19,persistToStorage
FNDA:243,get adapterType
FNDA:112,createChannelPair
FNDA:115,open
FNDA:11,focus
FNDA:24,close
FNDA:4,adapterFailure
FNDA:10,updateParams
FNDA:4,updateTitle
FNDA:401,getAll
FNDA:400,getCurrent
FNDA:141,subscribe
FNDA:25,emitManagerEvent
FNDA:81,getChannel
FNDA:1,getAdapter
FNDA:111,buildUrl
DA:1,1
DA:2,1
DA:3,1
DA:4,1
DA:5,1
DA:6,1
DA:7,1
DA:8,1
DA:9,1
DA:10,1
DA:11,1
DA:12,1
DA:13,1
DA:14,1
DA:15,1
DA:16,1
DA:17,1
DA:18,1
DA:19,1
DA:20,1
DA:21,1
DA:22,1
DA:23,1
DA:24,1
DA:25,1
DA:26,1
DA:27,1
DA:28,1
DA:29,1
DA:30,1
DA:31,1
DA:32,1
DA:33,1
DA:34,1
DA:35,1
DA:36,1
DA:37,1
DA:38,1
DA:39,1
DA:40,1
DA:41,1
DA:42,1
DA:43,1
DA:44,1
DA:45,1
DA:46,1
DA:47,1
DA:48,1
DA:49,1
DA:50,1
DA:51,1
DA:52,1
DA:53,1
DA:54,1
DA:55,1
DA:56,1
DA:57,1
DA:58,40
DA:59,40
DA:60,40
DA:61,40
DA:62,40
DA:63,2
DA:64,2
DA:65,40
DA:66,1
DA:67,1
DA:68,1
DA:69,1
DA:70,1
DA:71,1
DA:72,1
DA:73,1
DA:74,1
DA:75,1
DA:76,1
DA:77,1
DA:78,1
DA:79,1
DA:80,1
DA:81,1
DA:82,1
DA:83,1
DA:84,1
DA:85,1
DA:86,1
DA:87,1
DA:88,1
DA:89,1
DA:90,1
DA:91,1
DA:92,231
DA:93,231
DA:94,231
DA:95,231
DA:96,231
DA:97,231
DA:98,231
DA:99,231
DA:100,231
DA:101,95
DA:102,231
DA:103,231
DA:104,231
DA:105,231
DA:106,21
DA:107,21
DA:108,21
DA:109,21
DA:110,231
DA:111,231
DA:112,231
DA:113,231
DA:114,231
DA:115,1
DA:116,1
DA:117,1
DA:118,1
DA:119,1
DA:120,1
DA:121,231
DA:122,231
DA:123,231
DA:124,8
DA:125,8
DA:126,96
DA:127,231
DA:128,231
DA:129,231
DA:130,231
DA:131,231
DA:132,7
DA:133,7
DA:134,7
DA:135,7
DA:136,7
DA:137,8
DA:138,96
DA:139,2
DA:140,2
DA:141,2
DA:142,6
DA:143,6
DA:144,6
DA:145,6
DA:146,6
DA:147,5
DA:148,5
DA:149,5
DA:150,5
DA:151,5
DA:152,5
DA:153,5
DA:154,5
DA:155,5
DA:156,5
DA:157,5
DA:158,2
DA:159,5
DA:160,3
DA:161,3
DA:162,5
DA:163,231
DA:164,1
DA:165,1
DA:166,1
DA:167,1
DA:168,1
DA:169,1
DA:170,1
DA:171,231
DA:172,231
DA:173,8
DA:174,8
DA:175,231
DA:176,8
DA:177,96
DA:178,8
DA:179,8
DA:180,96
DA:181,231
DA:182,231
DA:183,231
DA:184,2
DA:185,2
DA:186,3
DA:187,3
DA:188,2
DA:189,20
DA:190,6
DA:191,6
DA:192,8
DA:193,2
DA:194,2
DA:195,6
DA:196,8
DA:197,96
DA:198,231
DA:199,231
DA:200,231
DA:201,231
DA:202,231
DA:203,231
DA:204,231
DA:205,231
DA:206,231
DA:207,1
DA:208,1
DA:209,1
DA:210,1
DA:211,1
DA:212,1
DA:213,1
DA:214,5
DA:215,5
DA:216,1
DA:217,1
DA:218,4
DA:219,5
DA:220,5
DA:221,5
DA:222,4
DA:223,4
DA:224,4
DA:225,4
DA:226,4
DA:227,4
DA:228,4
DA:229,4
DA:230,4
DA:231,4
DA:232,4
DA:233,4
DA:234,5
DA:235,3
DA:236,3
DA:237,1
DA:238,1
DA:239,5
DA:240,1
DA:241,1
DA:242,13
DA:243,13
DA:244,6
DA:245,6
DA:246,6
DA:247,13
DA:248,1
DA:249,1
DA:250,1
DA:251,1
DA:252,21
DA:253,21
DA:254,20
DA:255,20
DA:256,21
DA:257,10
DA:258,10
DA:259,2
DA:260,2
DA:261,10
DA:262,20
DA:263,20
DA:264,20
DA:265,8
DA:266,8
DA:267,8
DA:268,8
DA:269,21
DA:270,21
DA:271,1
DA:272,1
DA:273,1
DA:274,7
DA:275,7
DA:276,7
DA:277,7
DA:278,7
DA:279,17
DA:280,8
DA:281,8
DA:282,8
DA:283,7
DA:284,7
DA:285,7
DA:286,21
DA:287,6
DA:288,6
DA:289,21
DA:290,1
DA:291,1
DA:292,19
DA:293,19
DA:294,12
DA:295,12
DA:296,12
DA:297,19
DA:298,19
DA:299,19
DA:300,19
DA:301,19
DA:302,19
DA:303,1
DA:304,1
DA:305,19
DA:306,1
DA:307,1
DA:308,1
DA:309,1
DA:310,243
DA:311,243
DA:312,1
DA:313,1
DA:314,1
DA:315,112
DA:316,112
DA:317,112
DA:318,112
DA:319,1
DA:320,1
DA:321,1
DA:322,1
DA:323,115
DA:324,115
DA:325,115
DA:326,2
DA:327,2
DA:328,113
DA:329,113
DA:330,115
DA:331,2
DA:332,2
DA:333,2
DA:334,2
DA:335,2
DA:336,2
DA:337,111
DA:338,111
DA:339,115
DA:340,5
DA:341,5
DA:342,3
DA:343,3
DA:344,3
DA:345,3
DA:346,3
DA:347,3
DA:348,5
DA:349,108
DA:350,108
DA:351,108
DA:352,108
DA:353,108
DA:354,108
DA:355,115
DA:356,115
DA:357,115
DA:358,115
DA:359,115
DA:360,115
DA:361,115
DA:362,115
DA:363,115
DA:364,115
DA:365,115
DA:366,115
DA:367,115
DA:368,11
DA:369,11
DA:370,11
DA:371,11
DA:372,11
DA:373,11
DA:374,11
DA:375,11
DA:376,11
DA:377,11
DA:378,11
DA:379,97
DA:380,97
DA:381,97
DA:382,97
DA:383,97
DA:384,97
DA:385,97
DA:386,97
DA:387,97
DA:388,97
DA:389,97
DA:390,97
DA:391,97
DA:392,97
DA:393,97
DA:394,97
DA:395,97
DA:396,97
DA:397,115
DA:398,2
DA:399,2
DA:400,2
DA:401,2
DA:402,2
DA:403,2
DA:404,95
DA:405,95
DA:406,95
DA:407,95
DA:408,95
DA:409,95
DA:410,95
DA:411,95
DA:412,95
DA:413,115
DA:414,1
DA:415,1
DA:416,1
DA:417,1
DA:418,11
DA:419,11
DA:420,2
DA:421,2
DA:422,9
DA:423,9
DA:424,9
DA:425,11
DA:426,1
DA:427,1
DA:428,8
DA:429,8
DA:430,8
DA:431,8
DA:432,8
DA:433,11
DA:434,1
DA:435,1
DA:436,1
DA:437,1
DA:438,24
DA:439,24
DA:440,2
DA:441,2
DA:442,22
DA:443,22
DA:444,22
DA:445,22
DA:446,24
DA:447,16
DA:448,16
DA:449,16
DA:450,22
DA:451,22
DA:452,22
DA:453,22
DA:454,24
DA:455,24
DA:456,24
DA:457,10
DA:458,12
DA:459,24
DA:460,24
DA:461,24
DA:462,24
DA:463,24
DA:464,1
DA:465,1
DA:466,21
DA:467,21
DA:468,21
DA:469,24
DA:470,1
DA:471,1
DA:472,1
DA:473,4
DA:474,4
DA:475,4
DA:476,4
DA:477,4
DA:478,4
DA:479,4
DA:480,4
DA:481,1
DA:482,1
DA:483,1
DA:484,1
DA:485,10
DA:486,10
DA:487,2
DA:488,2
DA:489,8
DA:490,8
DA:491,8
DA:492,8
DA:493,10
DA:494,10
DA:495,10
DA:496,10
DA:497,10
DA:498,10
DA:499,1
DA:500,1
DA:501,1
DA:502,1
DA:503,4
DA:504,4
DA:505,4
DA:506,1
DA:507,1
DA:508,3
DA:509,4
DA:510,1
DA:511,1
DA:512,1
DA:513,1
DA:514,401
DA:515,401
DA:516,1
DA:517,1
DA:518,400
DA:519,400
DA:520,1
DA:521,1
DA:522,141
DA:523,141
DA:524,141
DA:525,141
DA:526,141
DA:527,133
DA:528,133
DA:529,133
DA:530,141
DA:531,1
DA:532,1
DA:533,25
DA:534,15
DA:535,15
DA:536,25
DA:537,1
DA:538,1
DA:539,1
DA:540,1
DA:541,81
DA:542,81
DA:543,1
DA:544,1
DA:545,1
DA:546,1
DA:547,1
DA:548,1
DA:549,1
DA:550,1
DA:551,111
DA:552,111
DA:553,111
DA:554,111
DA:555,111
DA:556,70
DA:557,76
DA:558,76
DA:559,76
DA:560,76
DA:561,76
DA:562,4
DA:563,4
DA:564,4
DA:565,76
DA:566,72
DA:567,72
DA:568,76
DA:569,76
DA:570,111
DA:571,41
DA:572,41
DA:573,2
DA:574,1
DA:575,1
DA:576,1
DA:577,1
DA:578,2
DA:579,41
DA:580,111
DA:581,111
DA:582,111
DA:583,1
LF:583
LH:583
BRDA:58,0,0,40
BRDA:61,1,0,0
BRDA:62,2,0,2
BRDA:91,3,0,231
BRDA:97,4,0,95
BRDA:98,5,0,229
BRDA:100,6,0,95
BRDA:103,7,0,21
BRDA:103,8,0,210
BRDA:105,9,0,21
BRDA:101,10,0,40
BRDA:101,11,0,0
BRDA:108,12,0,13
BRDA:120,13,0,231
BRDA:121,14,0,0
BRDA:123,15,0,223
BRDA:123,16,0,96
BRDA:123,17,0,8
BRDA:126,18,0,0
BRDA:131,19,0,96
BRDA:131,20,0,83
BRDA:131,21,0,7
BRDA:136,22,0,8
BRDA:138,23,0,20
BRDA:138,24,0,2
BRDA:141,25,0,6
BRDA:146,26,0,1
BRDA:146,27,0,5
BRDA:130,28,0,1
BRDA:156,29,0,5
BRDA:157,30,0,2
BRDA:159,31,0,3
BRDA:170,32,0,231
BRDA:172,33,0,223
BRDA:172,34,0,8
BRDA:175,35,0,96
BRDA:175,36,0,0
BRDA:175,37,0,8
BRDA:177,38,0,0
BRDA:177,39,0,8
BRDA:180,40,0,1
BRDA:183,41,0,96
BRDA:183,42,0,20
BRDA:183,43,0,2
BRDA:185,44,0,3
BRDA:189,45,0,6
BRDA:191,46,0,8
BRDA:192,47,0,6
BRDA:192,48,0,2
BRDA:195,49,0,8
BRDA:197,50,0,0
BRDA:213,51,0,5
BRDA:215,52,0,1
BRDA:217,53,0,4
BRDA:219,54,0,0
BRDA:221,55,0,1
BRDA:221,56,0,4
BRDA:234,57,0,3
BRDA:236,58,0,1
BRDA:214,59,0,4
BRDA:241,60,0,13
BRDA:243,61,0,11
BRDA:243,62,0,7
BRDA:243,63,0,6
BRDA:242,64,0,13
BRDA:251,65,0,21
BRDA:253,66,0,20
BRDA:253,67,0,1
BRDA:253,68,0,20
BRDA:256,69,0,10
BRDA:258,70,0,2
BRDA:261,71,0,20
BRDA:264,72,0,12
BRDA:264,73,0,17
BRDA:264,74,0,8
BRDA:269,75,0,7
BRDA:269,76,0,0
BRDA:270,77,0,1
BRDA:273,78,0,7
BRDA:277,79,0,0
BRDA:277,80,0,17
BRDA:277,81,0,7
BRDA:279,82,0,8
BRDA:281,83,0,4
BRDA:282,84,0,7
BRDA:286,85,0,6
BRDA:286,86,0,6
BRDA:276,87,0,9
BRDA:286,88,0,6
BRDA:291,89,0,19
BRDA:293,90,0,18
BRDA:293,91,0,7
BRDA:293,92,0,15
BRDA:293,93,0,12
BRDA:297,94,0,10
BRDA:297,95,0,2
BRDA:302,96,0,1
BRDA:309,97,0,243
BRDA:314,98,0,112
BRDA:322,99,0,115
BRDA:325,100,0,2
BRDA:327,101,0,113
BRDA:330,102,0,2
BRDA:336,103,0,111
BRDA:339,104,0,5
BRDA:341,105,0,3
BRDA:348,106,0,108
BRDA:355,107,0,0
BRDA:359,108,0,0
BRDA:366,109,0,108
BRDA:367,110,0,11
BRDA:378,111,0,106
BRDA:378,112,0,97
BRDA:396,113,0,95
BRDA:397,114,0,2
BRDA:403,115,0,95
BRDA:340,116,0,3
BRDA:417,117,0,11
BRDA:419,118,0,2
BRDA:421,119,0,9
BRDA:424,120,0,8
BRDA:425,121,0,1
BRDA:427,122,0,8
BRDA:418,123,0,9
BRDA:437,124,0,24
BRDA:439,125,0,2
BRDA:441,126,0,22
BRDA:446,127,0,16
BRDA:449,128,0,22
BRDA:454,129,0,0
BRDA:456,130,0,11
BRDA:456,131,0,10
BRDA:456,132,0,10
BRDA:457,133,0,12
BRDA:458,134,0,5
BRDA:462,135,0,21
BRDA:463,136,0,1
BRDA:465,137,0,21
BRDA:438,138,0,23
BRDA:472,139,0,4
BRDA:473,140,0,0
BRDA:484,141,0,10
BRDA:486,142,0,2
BRDA:488,143,0,8
BRDA:493,144,0,0
BRDA:485,145,0,9
BRDA:493,146,0,9
BRDA:502,147,0,4
BRDA:505,148,0,3
BRDA:505,149,0,1
BRDA:504,150,0,3
BRDA:513,151,0,401
BRDA:517,152,0,400
BRDA:521,153,0,141
BRDA:526,154,0,133
BRDA:532,155,0,25
BRDA:533,156,0,15
BRDA:540,157,0,81
BRDA:541,158,0,14
BRDA:544,159,0,1
BRDA:550,160,0,111
BRDA:555,161,0,70
BRDA:556,162,0,76
BRDA:559,163,0,0
BRDA:561,164,0,4
BRDA:563,165,0,5
BRDA:565,166,0,72
BRDA:570,167,0,41
BRDA:572,168,0,2
BRDA:573,169,0,1
BRDA:574,170,0,2
BRF:171
BRH:155
end_of_record
TN:
SF:src/workspaces/context.ts
FN:9,useWorkspaceManagerContext
FN:23,useWorkspaceTemplates
FNF:2
FNH:2
FNDA:373,useWorkspaceManagerContext
FNDA:110,useWorkspaceTemplates
DA:1,1
DA:2,1
DA:3,1
DA:4,1
DA:5,1
DA:6,1
DA:7,1
DA:8,1
DA:9,1
DA:10,373
DA:11,373
DA:12,4
DA:13,4
DA:14,4
DA:15,4
DA:16,368
DA:17,368
DA:18,1
DA:19,1
DA:20,1
DA:21,1
DA:22,1
DA:23,1
DA:24,110
DA:25,110
DA:26,4
DA:27,4
DA:28,4
DA:29,4
DA:30,105
DA:31,105
LF:31
LH:31
BRDA:9,0,0,373
BRDA:11,1,0,4
BRDA:15,2,0,368
BRDA:23,3,0,110
BRDA:25,4,0,4
BRDA:29,5,0,105
BRF:6
BRH:6
end_of_record
TN:
SF:src/workspaces/defineWorkspaces.ts
FN:11,defineWorkspaces
FN:29,createDescriptor
FN:47,uuidv4
FNF:3
FNH:3
FNDA:43,defineWorkspaces
FNDA:195,createDescriptor
FNDA:195,uuidv4
DA:1,1
DA:2,1
DA:3,1
DA:4,1
DA:5,1
DA:6,1
DA:7,1
DA:8,1
DA:9,1
DA:10,1
DA:11,1
DA:12,43
DA:13,43
DA:14,43
DA:15,41
DA:16,41
DA:17,41
DA:18,41
DA:19,41
DA:20,43
DA:21,43
DA:22,1
DA:23,1
DA:24,1
DA:25,1
DA:26,1
DA:27,1
DA:28,1
DA:29,1
DA:30,195
DA:31,195
DA:32,195
DA:33,195
DA:34,195
DA:35,195
DA:36,195
DA:37,195
DA:38,195
DA:39,195
DA:40,195
DA:41,195
DA:42,195
DA:43,195
DA:44,1
DA:45,1
DA:46,1
DA:47,195
DA:48,195
DA:49,195
DA:50,194
DA:51,194
DA:52,1
DA:53,1
DA:54,31
DA:55,31
DA:56,31
DA:57,1
DA:58,1
LF:58
LH:58
BRDA:11,0,0,43
BRDA:14,1,0,41
BRDA:17,2,0,16
BRDA:29,3,0,195
BRDA:47,4,0,195
BRDA:49,5,0,194
BRDA:51,6,0,1
BRDA:53,7,0,31
BRDA:55,8,0,30
BRDA:55,9,0,1
BRF:10
BRH:10
end_of_record
TN:
SF:src/workspaces/hooks.ts
FN:21,useWorkspaces
FN:51,open
FN:59,focus
FN:63,close
FN:67,updateParams
FN:74,updateTitle
FN:88,useWorkspace
FN:142,useWorkspaceChannel
FNF:8
FNH:8
FNDA:242,useWorkspaces
FNDA:80,open
FNDA:4,focus
FNDA:11,close
FNDA:5,updateParams
FNDA:2,updateTitle
FNDA:7,useWorkspace
FNDA:14,useWorkspaceChannel
DA:1,1
DA:2,1
DA:3,1
DA:4,1
DA:5,1
DA:6,1
DA:7,1
DA:8,1
DA:9,1
DA:10,1
DA:11,1
DA:12,1
DA:13,1
DA:14,1
DA:15,1
DA:16,1
DA:17,1
DA:18,1
DA:19,1
DA:20,1
DA:21,1
DA:22,242
DA:23,242
DA:24,242
DA:25,242
DA:26,242
DA:27,242
DA:28,242
DA:29,242
DA:30,242
DA:31,113
DA:32,147
DA:33,147
DA:34,147
DA:35,147
DA:36,147
DA:37,113
DA:38,113
DA:39,242
DA:40,242
DA:41,242
DA:42,242
DA:43,242
DA:44,242
DA:45,242
DA:46,242
DA:47,242
DA:48,242
DA:49,242
DA:50,242
DA:51,242
DA:52,80
DA:53,80
DA:54,80
DA:55,80
DA:56,80
DA:57,80
DA:58,242
DA:59,242
DA:60,4
DA:61,4
DA:62,242
DA:63,242
DA:64,11
DA:65,11
DA:66,242
DA:67,242
DA:68,5
DA:69,5
DA:70,5
DA:71,5
DA:72,5
DA:73,242
DA:74,242
DA:75,2
DA:76,2
DA:77,242
DA:78,242
DA:79,1
DA:80,1
DA:81,1
DA:82,1
DA:83,1
DA:84,1
DA:85,1
DA:86,1
DA:87,1
DA:88,1
DA:89,7
DA:90,7
DA:91,7
DA:92,7
DA:93,7
DA:94,8
DA:95,8
DA:96,8
DA:97,8
DA:98,7
DA:99,7
DA:100,8
DA:101,7
DA:102,7
DA:103,7
DA:104,7
DA:105,7
DA:106,7
DA:107,7
DA:108,7
DA:109,7
DA:110,7
DA:111,7
DA:112,7
DA:113,6
DA:114,2
DA:115,2
DA:116,1
DA:117,1
DA:118,2
DA:119,2
DA:120,1
DA:121,1
DA:122,1
DA:123,6
DA:124,6
DA:125,7
DA:126,7
DA:127,7
DA:128,7
DA:129,7
DA:130,7
DA:131,7
DA:132,1
DA:133,1
DA:134,1
DA:135,1
DA:136,1
DA:137,1
DA:138,1
DA:139,1
DA:140,1
DA:141,1
DA:142,1
DA:143,14
DA:144,14
DA:145,14
DA:146,20
DA:147,20
DA:148,9
DA:149,14
DA:150,14
DA:151,14
DA:152,14
DA:153,14
DA:154,14
DA:155,14
DA:156,14
DA:157,4
DA:158,4
DA:159,4
DA:160,14
DA:161,14
DA:162,14
DA:163,13
DA:164,5
DA:165,5
DA:166,5
DA:167,5
DA:168,5
DA:169,2
DA:170,2
DA:171,2
DA:172,13
DA:173,13
DA:174,14
DA:175,14
DA:176,14
DA:177,14
DA:178,14
DA:179,14
DA:180,14
LF:180
LH:180
BRDA:21,0,0,242
BRDA:30,1,0,113
BRDA:31,2,0,147
BRDA:42,3,0,871
BRDA:51,4,0,80
BRDA:59,5,0,4
BRDA:63,6,0,11
BRDA:67,7,0,5
BRDA:74,8,0,2
BRDA:88,9,0,7
BRDA:93,10,0,8
BRDA:97,11,0,1
BRDA:97,12,0,7
BRDA:100,13,0,0
BRDA:100,14,0,7
BRDA:94,15,0,7
BRDA:112,16,0,6
BRDA:113,17,0,2
BRDA:115,18,0,1
BRDA:116,19,0,0
BRDA:116,20,0,1
BRDA:117,21,0,0
BRDA:119,22,0,1
BRDA:128,23,0,22
BRDA:142,24,0,14
BRDA:156,25,0,4
BRDA:145,26,0,20
BRDA:147,27,0,17
BRDA:147,28,0,11
BRDA:147,29,0,9
BRDA:162,30,0,13
BRDA:163,31,0,5
BRDA:165,32,0,3
BRDA:166,33,0,2
BRDA:168,34,0,2
BRDA:177,35,0,44
BRF:36
BRH:33
end_of_record
TN:
SF:src/workspaces/types.ts
FN:134,WorkspaceError
FNF:1
FNH:1
FNDA:30,WorkspaceError
DA:1,1
DA:2,1
DA:3,1
DA:4,1
DA:5,1
DA:6,1
DA:7,1
DA:8,1
DA:9,1
DA:10,1
DA:11,1
DA:12,1
DA:13,1
DA:14,1
DA:15,1
DA:16,1
DA:17,1
DA:18,1
DA:19,1
DA:20,1
DA:21,1
DA:22,1
DA:23,1
DA:24,1
DA:25,1
DA:26,1
DA:27,1
DA:28,1
DA:29,1
DA:30,1
DA:31,1
DA:32,1
DA:33,1
DA:34,1
DA:35,1
DA:36,1
DA:37,1
DA:38,1
DA:39,1
DA:40,1
DA:41,1
DA:42,1
DA:43,1
DA:44,1
DA:45,1
DA:46,1
DA:47,1
DA:48,1
DA:49,1
DA:50,1
DA:51,1
DA:52,1
DA:53,1
DA:54,1
DA:55,1
DA:56,1
DA:57,1
DA:58,1
DA:59,1
DA:60,1
DA:61,1
DA:62,1
DA:63,1
DA:64,1
DA:65,1
DA:66,1
DA:67,1
DA:68,1
DA:69,1
DA:70,1
DA:71,1
DA:72,1
DA:73,1
DA:74,1
DA:75,1
DA:76,1
DA:77,1
DA:78,1
DA:79,1
DA:80,1
DA:81,1
DA:82,1
DA:83,1
DA:84,1
DA:85,1
DA:86,1
DA:87,1
DA:88,1
DA:89,1
DA:90,1
DA:91,1
DA:92,1
DA:93,1
DA:94,1
DA:95,1
DA:96,1
DA:97,1
DA:98,1
DA:99,1
DA:100,1
DA:101,1
DA:102,1
DA:103,1
DA:104,1
DA:105,1
DA:106,1
DA:107,1
DA:108,1
DA:109,1
DA:110,1
DA:111,1
DA:112,1
DA:113,1
DA:114,1
DA:115,1
DA:116,1
DA:117,1
DA:118,1
DA:119,1
DA:120,1
DA:121,1
DA:122,1
DA:123,1
DA:124,1
DA:125,1
DA:126,1
DA:127,1
DA:128,1
DA:129,1
DA:130,1
DA:131,1
DA:132,1
DA:133,1
DA:134,1
DA:135,30
DA:136,30
DA:137,30
DA:138,30
DA:139,30
DA:140,30
DA:141,30
DA:142,30
DA:143,30
DA:144,1
DA:145,1
DA:146,1
DA:147,1
DA:148,1
DA:149,1
DA:150,1
DA:151,1
DA:152,1
LF:152
LH:152
BRDA:134,0,0,30
BRF:1
BRH:1
end_of_record
TN:
SF:src/workspaces/adapters/BrowserTabAdapter.ts
FN:27,BrowserTabAdapter
FN:33,open
FN:41,close
FN:49,focus
FN:55,updateParams
FN:62,updateTitle
FN:69,getAll
FN:77,getCurrent
FN:91,restoreState
FN:96,subscribe
FN:101,destroy
FN:109,initBroadcastChannel
FN:112,bc.onmessage
FN:130,syncCurrentFromUrl
FN:136,buildUrl
FN:149,emit
FNF:16
FNH:16
FNDA:22,BrowserTabAdapter
FNDA:15,open
FNDA:2,close
FNDA:1,focus
FNDA:2,updateParams
FNDA:1,updateTitle
FNDA:4,getAll
FNDA:5,getCurrent
FNDA:1,restoreState
FNDA:9,subscribe
FNDA:1,destroy
FNDA:22,initBroadcastChannel
FNDA:5,bc.onmessage
FNDA:22,syncCurrentFromUrl
FNDA:15,buildUrl
FNDA:24,emit
DA:1,1
DA:2,1
DA:3,1
DA:4,1
DA:5,1
DA:6,1
DA:7,1
DA:8,1
DA:9,1
DA:10,1
DA:11,1
DA:12,1
DA:13,1
DA:14,1
DA:15,1
DA:16,1
DA:17,1
DA:18,1
DA:19,1
DA:20,1
DA:21,1
DA:22,1
DA:23,1
DA:24,1
DA:25,1
DA:26,1
DA:27,1
DA:28,22
DA:29,22
DA:30,22
DA:31,22
DA:32,1
DA:33,1
DA:34,15
DA:35,15
DA:36,15
DA:37,15
DA:38,15
DA:39,15
DA:40,1
DA:41,1
DA:42,2
DA:43,2
DA:44,1
DA:45,1
DA:46,2
DA:47,2
DA:48,1
DA:49,1
DA:50,1
DA:51,1
DA:52,1
DA:53,1
DA:54,1
DA:55,1
DA:56,2
DA:57,2
DA:58,1
DA:59,1
DA:60,2
DA:61,1
DA:62,1
DA:63,1
DA:64,1
DA:65,1
DA:66,1
DA:67,1
DA:68,1
DA:69,1
DA:70,4
DA:71,4
DA:72,1
DA:73,1
DA:74,1
DA:75,1
DA:76,1
DA:77,1
DA:78,5
DA:79,5
DA:80,5
DA:81,3
DA:82,3
DA:83,3
DA:84,3
DA:85,3
DA:86,5
DA:87,2
DA:88,4
DA:89,5
DA:90,1
DA:91,1
DA:92,1
DA:93,1
DA:94,1
DA:95,1
DA:96,1
DA:97,9
DA:98,9
DA:99,9
DA:100,1
DA:101,1
DA:102,1
DA:103,1
DA:104,1
DA:105,1
DA:106,1
DA:107,1
DA:108,1
DA:109,1
DA:110,22
DA:111,22
DA:112,22
DA:113,5
DA:114,5
DA:115,3
DA:116,3
DA:117,2
DA:118,2
DA:119,3
DA:120,5
DA:121,2
DA:122,2
DA:123,2
DA:124,5
DA:125,22
DA:126,1
DA:127,1
DA:128,22
DA:129,1
DA:130,1
DA:131,22
DA:132,22
DA:133,22
DA:134,22
DA:135,1
DA:136,1
DA:137,15
DA:138,15
DA:139,15
DA:140,15
DA:141,1
DA:142,15
DA:143,14
DA:144,14
DA:145,15
DA:146,15
DA:147,15
DA:148,1
DA:149,1
DA:150,24
DA:151,9
DA:152,9
DA:153,24
DA:154,1
LF:154
LH:154
BRDA:27,0,0,22
BRDA:33,1,0,15
BRDA:41,2,0,2
BRDA:43,3,0,1
BRDA:43,4,0,1
BRDA:49,5,0,1
BRDA:55,6,0,2
BRDA:57,7,0,1
BRDA:56,8,0,1
BRDA:62,9,0,1
BRDA:64,10,0,0
BRDA:63,11,0,1
BRDA:69,12,0,4
BRDA:77,13,0,5
BRDA:80,14,0,3
BRDA:80,15,0,2
BRDA:86,16,0,1
BRDA:86,17,0,4
BRDA:86,18,0,2
BRDA:88,19,0,0
BRDA:88,20,0,2
BRDA:91,21,0,1
BRDA:96,22,0,9
BRDA:98,23,0,1
BRDA:101,24,0,1
BRDA:109,25,0,22
BRDA:125,26,0,1
BRDA:112,27,0,5
BRDA:114,28,0,3
BRDA:116,29,0,2
BRDA:120,30,0,2
BRDA:115,31,0,1
BRDA:121,32,0,3
BRDA:130,33,0,22
BRDA:136,34,0,15
BRDA:140,35,0,1
BRDA:141,36,0,2
BRDA:142,37,0,14
BRDA:149,38,0,24
BRDA:150,39,0,9
BRF:40
BRH:38
end_of_record
TN:
SF:src/workspaces/adapters/StackAdapter.ts
FN:15,StackAdapter
FN:22,open
FN:28,close
FN:50,focus
FN:57,updateParams
FN:64,updateTitle
FN:71,getAll
FN:75,getCurrent
FN:79,restoreState
FN:85,subscribe
FN:90,emit
FNF:11
FNH:11
FNDA:174,StackAdapter
FNDA:99,open
FNDA:16,close
FNDA:7,focus
FNDA:6,updateParams
FNDA:3,updateTitle
FNDA:530,getAll
FNDA:403,getCurrent
FNDA:2,restoreState
FNDA:147,subscribe
FNDA:131,emit
DA:1,1
DA:2,1
DA:3,1
DA:4,1
DA:5,1
DA:6,1
DA:7,1
DA:8,1
DA:9,1
DA:10,1
DA:11,1
DA:12,1
DA:13,1
DA:14,1
DA:15,1
DA:16,174
DA:17,174
DA:18,174
DA:19,174
DA:20,174
DA:21,1
DA:22,1
DA:23,99
DA:24,99
DA:25,99
DA:26,99
DA:27,1
DA:28,1
DA:29,16
DA:30,16
DA:31,15
DA:32,15
DA:33,15
DA:34,15
DA:35,15
DA:36,15
DA:37,12
DA:38,12
DA:39,12
DA:40,1
DA:41,1
DA:42,1
DA:43,1
DA:44,1
DA:45,1
DA:46,1
DA:47,1
DA:48,16
DA:49,1
DA:50,1
DA:51,7
DA:52,7
DA:53,6
DA:54,6
DA:55,7
DA:56,1
DA:57,1
DA:58,6
DA:59,6
DA:60,6
DA:61,6
DA:62,6
DA:63,1
DA:64,1
DA:65,3
DA:66,3
DA:67,2
DA:68,2
DA:69,3
DA:70,1
DA:71,1
DA:72,530
DA:73,530
DA:74,1
DA:75,1
DA:76,403
DA:77,403
DA:78,1
DA:79,1
DA:80,2
DA:81,2
DA:82,2
DA:83,2
DA:84,1
DA:85,1
DA:86,147
DA:87,147
DA:88,147
DA:89,1
DA:90,1
DA:91,131
DA:92,154
DA:93,154
DA:94,131
DA:95,1
LF:95
LH:95
BRDA:15,0,0,174
BRDA:22,1,0,99
BRDA:28,2,0,16
BRDA:30,3,0,1
BRDA:30,4,0,15
BRDA:35,5,0,2
BRDA:35,6,0,15
BRDA:35,7,0,13
BRDA:36,8,0,12
BRDA:39,9,0,1
BRDA:29,10,0,18
BRDA:50,11,0,7
BRDA:52,12,0,6
BRDA:52,13,0,1
BRDA:51,14,0,6
BRDA:57,15,0,6
BRDA:59,16,0,0
BRDA:58,17,0,7
BRDA:64,18,0,3
BRDA:66,19,0,2
BRDA:66,20,0,1
BRDA:65,21,0,2
BRDA:71,22,0,530
BRDA:75,23,0,403
BRDA:76,24,0,155
BRDA:79,25,0,2
BRDA:81,26,0,0
BRDA:85,27,0,147
BRDA:87,28,0,133
BRDA:90,29,0,131
BRDA:91,30,0,154
BRF:31
BRH:29
end_of_record
TN:
SF:src/workspaces/adapters/SwipeAdapter.ts
FN:10,SwipeAdapter
FN:13,getCurrentIndex
FN:22,setCurrentIndex
FNF:3
FNH:3
FNDA:14,SwipeAdapter
FNDA:6,getCurrentIndex
FNDA:6,setCurrentIndex
DA:1,1
DA:2,1
DA:3,1
DA:4,1
DA:5,1
DA:6,1
DA:7,1
DA:8,1
DA:9,1
DA:10,1
DA:11,14
DA:12,1
DA:13,1
DA:14,6
DA:15,6
DA:16,1
DA:17,1
DA:18,1
DA:19,1
DA:20,1
DA:21,1
DA:22,1
DA:23,6
DA:24,1
DA:25,1
DA:26,1
DA:27,5
DA:28,6
DA:29,1
LF:29
LH:29
BRDA:10,0,0,14
BRDA:13,1,0,6
BRDA:22,2,0,6
BRDA:23,3,0,1
BRDA:26,4,0,5
BRF:5
BRH:5
end_of_record
TN:
SF:src/workspaces/auth/AuthGate.tsx
FN:17,CredentialForm
FN:33,onSubmit
FN:44,onChange
FN:54,onChange
FN:74,DefaultAuthGate
FN:83,onSubmit
FN:92,onClick
FN:104,GatedWorkspaceContent
FN:130,retry
FNF:9
FNH:9
FNDA:13,CredentialForm
FNDA:4,onSubmit
FNDA:4,onChange
FNDA:4,onChange
FNDA:6,DefaultAuthGate
FNDA:1,onSubmit
FNDA:1,onClick
FNDA:44,GatedWorkspaceContent
FNDA:2,retry
DA:1,1
DA:2,1
DA:3,1
DA:4,1
DA:5,1
DA:6,1
DA:7,1
DA:8,1
DA:9,1
DA:10,1
DA:11,1
DA:12,1
DA:13,1
DA:14,1
DA:15,1
DA:16,1
DA:17,1
DA:18,13
DA:19,13
DA:20,13
DA:21,13
DA:22,13
DA:23,13
DA:24,13
DA:25,13
DA:26,13
DA:27,13
DA:28,13
DA:29,13
DA:30,13
DA:31,13
DA:32,13
DA:33,13
DA:34,4
DA:35,4
DA:36,4
DA:37,13
DA:38,13
DA:39,13
DA:40,13
DA:41,13
DA:42,13
DA:43,13
DA:44,13
DA:45,13
DA:46,13
DA:47,13
DA:48,13
DA:49,13
DA:50,13
DA:51,13
DA:52,13
DA:53,13
DA:54,13
DA:55,13
DA:56,13
DA:57,13
DA:58,13
DA:59,10
DA:60,10
DA:61,10
DA:62,13
DA:63,13
DA:64,13
DA:65,13
DA:66,1
DA:67,1
DA:68,1
DA:69,1
DA:70,1
DA:71,1
DA:72,1
DA:73,1
DA:74,1
DA:75,6
DA:76,6
DA:77,6
DA:78,6
DA:79,6
DA:80,1
DA:81,1
DA:82,1
DA:83,1
DA:84,1
DA:85,1
DA:86,1
DA:87,1
DA:88,1
DA:89,5
DA:90,5
DA:91,5
DA:92,5
DA:93,5
DA:94,5
DA:95,5
DA:96,1
DA:97,1
DA:98,1
DA:99,1
DA:100,1
DA:101,1
DA:102,1
DA:103,1
DA:104,1
DA:105,44
DA:106,44
DA:107,44
DA:108,44
DA:109,44
DA:110,44
DA:111,44
DA:112,44
DA:113,44
DA:114,44
DA:115,44
DA:116,44
DA:117,44
DA:118,44
DA:119,44
DA:120,44
DA:121,36
DA:122,36
DA:123,8
DA:124,44
DA:125,44
DA:126,44
DA:127,44
DA:128,44
DA:129,44
DA:130,44
DA:131,44
DA:132,44
DA:133,44
LF:133
LH:133
BRDA:17,0,0,13
BRDA:58,1,0,10
BRDA:33,2,0,4
BRDA:44,3,0,4
BRDA:54,4,0,4
BRDA:74,5,0,6
BRDA:79,6,0,1
BRDA:88,7,0,5
BRDA:83,8,0,1
BRDA:92,9,0,1
BRDA:104,10,0,44
BRDA:120,11,0,36
BRDA:122,12,0,8
BRDA:124,13,0,0
BRDA:125,14,0,6
BRDA:130,15,0,2
BRF:16
BRH:15
end_of_record
TN:
SF:src/workspaces/auth/WorkspaceGuard.ts
FN:23,WorkspaceGuard
FN:27,evaluate
FNF:2
FNH:2
FNDA:244,WorkspaceGuard
FNDA:130,evaluate
DA:1,1
DA:2,1
DA:3,1
DA:4,1
DA:5,1
DA:6,1
DA:7,1
DA:8,1
DA:9,1
DA:10,1
DA:11,1
DA:12,1
DA:13,1
DA:14,1
DA:15,1
DA:16,1
DA:17,1
DA:18,1
DA:19,1
DA:20,1
DA:21,1
DA:22,1
DA:23,1
DA:24,244
DA:25,244
DA:26,1
DA:27,1
DA:28,130
DA:29,130
DA:30,130
DA:31,130
DA:32,130
DA:33,130
DA:34,92
DA:35,130
DA:36,130
DA:37,21
DA:38,21
DA:39,21
DA:40,130
DA:41,130
DA:42,6
DA:43,6
DA:44,6
DA:45,6
DA:46,130
DA:47,130
DA:48,7
DA:49,7
DA:50,6
DA:51,6
DA:52,4
DA:53,2
DA:54,7
DA:55,6
DA:56,6
DA:57,6
DA:58,130
DA:59,130
DA:60,4
DA:61,4
DA:62,3
DA:63,4
DA:64,1
DA:65,1
DA:66,4
DA:67,130
DA:68,130
DA:69,1
LF:69
LH:69
BRDA:23,0,0,244
BRDA:27,1,0,130
BRDA:33,2,0,92
BRDA:36,3,0,21
BRDA:41,4,0,6
BRDA:43,5,0,2
BRDA:43,6,0,4
BRDA:47,7,0,7
BRDA:49,8,0,6
BRDA:50,9,0,6
BRDA:51,10,0,4
BRDA:52,11,0,2
BRDA:54,12,0,1
BRDA:54,13,0,6
BRDA:59,14,0,4
BRDA:61,15,0,3
BRDA:63,16,0,1
BRF:17
BRH:17
end_of_record
TN:
SF:src/workspaces/auth/credentialRequests.ts
FN:15,CredentialRequestStore
FN:33,CredentialRequestStore.getSnapshot
FN:35,CredentialRequestStore.subscribe
FN:23,resolve
FN:42,notify
FNF:5
FNH:5
FNDA:136,CredentialRequestStore
FNDA:438,CredentialRequestStore.getSnapshot
FNDA:132,CredentialRequestStore.subscribe
FNDA:4,resolve
FNDA:8,notify
DA:1,1
DA:2,1
DA:3,1
DA:4,1
DA:5,1
DA:6,1
DA:7,1
DA:8,1
DA:9,1
DA:10,1
DA:11,1
DA:12,1
DA:13,1
DA:14,1
DA:15,1
DA:16,136
DA:17,136
DA:18,136
DA:19,136
DA:20,136
DA:21,4
DA:22,4
DA:23,4
DA:24,4
DA:25,4
DA:26,4
DA:27,4
DA:28,4
DA:29,4
DA:30,136
DA:31,136
DA:32,136
DA:33,136
DA:34,136
DA:35,136
DA:36,132
DA:37,132
DA:38,132
DA:39,132
DA:40,132
DA:41,1
DA:42,1
DA:43,8
DA:44,8
DA:45,8
DA:46,8
DA:47,1
LF:47
LH:47
BRDA:15,0,0,136
BRDA:33,1,0,438
BRDA:35,2,0,132
BRDA:37,3,0,132
BRDA:20,4,0,4
BRDA:23,5,0,4
BRDA:42,6,0,8
BRF:7
BRH:7
end_of_record
TN:
SF:src/workspaces/channel/WorkspaceChannel.ts
FN:67,createWorkspaceChannel
FN:86,broadcast.onmessage
FN:112,destroy
FN:121,bridgeEmit
FN:127,get
FNF:5
FNH:5
FNDA:140,createWorkspaceChannel
FNDA:4,broadcast.onmessage
FNDA:20,destroy
FNDA:20,bridgeEmit
FNDA:5,get
DA:1,1
DA:2,1
DA:3,1
DA:4,1
DA:5,1
DA:6,1
DA:7,1
DA:8,1
DA:9,1
DA:10,1
DA:11,1
DA:12,1
DA:13,1
DA:14,1
DA:15,1
DA:16,1
DA:17,1
DA:18,1
DA:19,1
DA:20,1
DA:21,1
DA:22,1
DA:23,1
DA:24,1
DA:25,1
DA:26,1
DA:27,1
DA:28,1
DA:29,1
DA:30,1
DA:31,1
DA:32,1
DA:33,1
DA:34,1
DA:35,1
DA:36,1
DA:37,1
DA:38,1
DA:39,1
DA:40,1
DA:41,1
DA:42,1
DA:43,1
DA:44,1
DA:45,1
DA:46,1
DA:47,1
DA:48,1
DA:49,1
DA:50,1
DA:51,1
DA:52,1
DA:53,1
DA:54,1
DA:55,1
DA:56,1
DA:57,1
DA:58,1
DA:59,1
DA:60,1
DA:61,1
DA:62,1
DA:63,1
DA:64,1
DA:65,1
DA:66,1
DA:67,1
DA:68,140
DA:69,140
DA:70,140
DA:71,140
DA:72,140
DA:73,140
DA:74,140
DA:75,140
DA:76,140
DA:77,140
DA:78,140
DA:79,140
DA:80,140
DA:81,140
DA:82,140
DA:83,140
DA:84,140
DA:85,10
DA:86,10
DA:87,4
DA:88,4
DA:89,2
DA:90,2
DA:91,2
DA:92,2
DA:93,4
DA:94,4
DA:95,4
DA:96,4
DA:97,4
DA:98,4
DA:99,10
DA:100,10
DA:101,10
DA:102,140
DA:103,140
DA:104,140
DA:105,140
DA:106,140
DA:107,140
DA:108,140
DA:109,140
DA:110,140
DA:111,140
DA:112,140
DA:113,20
DA:114,20
DA:115,20
DA:116,20
DA:117,140
DA:118,140
DA:119,1
DA:120,1
DA:121,20
DA:122,20
DA:123,20
DA:124,20
DA:125,20
DA:126,20
DA:127,20
DA:128,5
DA:129,4
DA:130,4
DA:131,4
DA:132,4
DA:133,4
DA:134,4
DA:135,4
DA:136,1
DA:137,5
DA:138,20
DA:139,20
LF:139
LH:139
BRDA:67,0,0,140
BRDA:84,1,0,10
BRDA:84,2,0,10
BRDA:86,3,0,4
BRDA:88,4,0,3
BRDA:88,5,0,2
BRDA:88,6,0,2
BRDA:93,7,0,1
BRDA:93,8,0,1
BRDA:112,9,0,20
BRDA:113,10,0,1
BRDA:121,11,0,20
BRDA:127,12,0,5
BRDA:128,13,0,2
BRDA:128,14,0,4
BRDA:135,15,0,1
BRDA:129,16,0,4
BRF:17
BRH:17
end_of_record
